1662
0
1
cd-a 4
1
2
dab-b 8
ehb-b 1
2
6
bi-c 2
di-c 2
bih-c 2
dgc-c 2
fcd-c 11
dgj-c 2
3
6
cd-d 3
bjg-d 3
cbd-d 3
hcj-d 3
ii-d 3
bcb-d 3
4
3
d-e 2
cba-e 2
hic-e 11
5
7
e-f 4
bc-f 4
ff-f 4
bda-f 4
jcc-f 4
jbb-f 4
bdjf-f 4
6
6
bfg-g 2
ehc-g 2
iee-g 2
eie-g 2
gic-g 2
bedj-g 2
7
1
bfa-h 2
8
3
geg-i 8
gie-i 4
bahi-i 4
9
4
bi-j 1
ce-j 1
heg-j 1
fbj-j 9
10
2
bdi-ba 1
dhf-ba 1
11
8
bae-bb 1
gc-bb 1
bcb-bb 1
bee-bb 1
cd-bb 1
bcea-bb 1
bcef-bb 9
bgf-bb 1
12
6
ddf-bc 4
ccj-bc 4
dgf-bc 4
baid-bc 4
hbf-bc 10
daa-bc 4
13
3
cch-bd 2
cjb-bd 2
bejh-bd 9
14
4
fec-be 1
bbbj-be 1
babg-be 11
beai-be 11
15
2
hi-bf 11
dh-bf 1
16
7
bi-bg 2
jf-bg 2
iag-bg 2
fib-bg 2
gge-bg 2
bdii-bg 2
baae-bg 2
17
3
hjd-bh 1
ihi-bh 10
bgeh-bh 1
18
5
bc-bi 1
feh-bi 1
hej-bi 1
fic-bi 12
babg-bi 12
19
8
bc-bj 1
ch-bj 1
dg-bj 1
db-bj 1
dhf-bj 1
cii-bj 1
hcj-bj 1
bdbf-bj 1
20
4
cd-ca 4
bai-ca 4
dfg-ca 4
gjh-ca 4
21
3
dcc-cb 3
did-cb 3
edb-cb 3
22
4
ff-cc 1
dgf-cc 1
jgi-cc 1
badc-cc 1
23
6
bhd-cd 1
fae-cd 1
dbg-cd 1
gfa-cd 1
ffb-cd 1
bcaj-cd 1
24
4
bi-ce 2
ef-ce 2
jgf-ce 2
jag-ce 2
25
5
cc-cf 4
fhg-cf 4
eac-cf 8
bbci-cf 4
def-cf 8
26
7
ca-cg 4
eh-cg 4
chb-cg 4
deg-cg 4
deb-cg 4
bd-cg 4
hhc-cg 4
27
6
cd-ch 3
bjd-ch 3
dji-ch 3
ddb-ch 3
hch-ch 3
jgg-ch 11
28
5
hif-ci 2
gbg-ci 2
befi-ci 2
bffg-ci 10
hfh-ci 2
29
3
egd-cj 1
fbi-cj 1
bfgd-cj 8
30
8
ea-da 1
bhd-da 1
eej-da 1
bdf-da 1
gda-da 1
fai-da 1
bcei-da 1
beib-da 1
31
7
bc-db 1
cd-db 1
gi-db 1
bgj-db 1
cbh-db 1
cfj-db 1
bbde-db 11
32
6
ecg-dc 2
iag-dc 2
jbf-dc 2
iej-dc 9
ifh-dc 2
bbgj-dc 2
33
3
fc-dd 4
dfg-dd 4
babg-dd 4
34
4
di-de 3
bhe-de 3
ghj-de 3
eih-de 3
35
5
gc-df 3
igi-df 3
iei-df 3
ibf-df 3
bfgb-df 12
36
8
cee-dg 1
bed-dg 1
hah-dg 12
bcii-dg 1
bdfc-dg 1
bcag-dg 12
bebe-dg 12
bgfe-dg 1
37
5
dc-dh 4
db-dh 4
hha-dh 12
gcd-dh 4
bagf-dh 12
38
1
haf-di 12
39
3
cbh-dj 3
ef-dj 3
gdb-dj 3
40
6
dbb-ea 1
cgg-ea 1
jjh-ea 1
jff-ea 1
eee-ea 1
fda-ea 1
41
3
hac-eb 2
cdi-eb 8
bbfc-eb 8
42
5
fi-ec 2
fc-ec 2
ege-ec 2
ci-ec 2
cdc-ec 2
43
5
eb-ed 4
ech-ed 4
edf-ed 4
bcia-ed 4
bfdc-ed 4
44
3
ejg-ee 4
cfb-ee 4
bacc-ee 4
45
7
bgd-ef 1
bgb-ef 1
cij-ef 1
egh-ef 1
ige-ef 1
cih-ef 1
beeh-ef 1
46
5
bcd-eg 1
bdj-eg 1
cbg-eg 1
ffd-eg 1
ggg-eg 8
47
5
bjb-eh 3
fdd-eh 3
bbfg-eh 10
gdh-eh 3
bbei-eh 10
48
6
bb-ei 2
cbh-ei 2
dff-ei 2
bbje-ei 2
jfj-ei 2
bcjf-ei 2
49
3
cd-ej 2
jia-ej 2
baig-ej 2
50
6
bcb-fa 2
hg-fa 2
bc-fa 2
bhg-fa 2
jji-fa 2
dhe-fa 9
51
3
bdc-fb 2
dfa-fb 2
bcch-fb 2
52
5
jb-fc 4
bcj-fc 4
eab-fc 4
fif-fc 4
bfch-fc 9
53
4
je-fd 1
dd-fd 1
daf-fd 1
dhe-fd 1
54
1
jic-fe 4
55
7
ic-ff 4
bdf-ff 4
dbd-ff 4
bed-ff 4
cje-ff 4
bdcg-ff 4
gb-ff 12
56
1
bfaf-fg 1
57
7
d-fh 3
bdb-fh 3
ccb-fh 3
jh-fh 3
jie-fh 3
jjd-fh 3
bejb-fh 3
58
3
fg-fi 1
hee-fi 1
bfdg-fi 10
59
7
ff-fj 3
bea-fj 3
dbg-fj 3
ddg-fj 3
hfh-fj 3
ifd-fj 3
bcha-fj 3
60
6
cg-ga 4
cih-ga 4
dac-ga 4
eah-ga 4
bi-ga 4
fga-ga 9
61
2
bbeb-gb 2
bbjc-gb 11
62
6
e-gc 1
j-gc 1
bga-gc 1
eie-gc 1
bdfa-gc 11
gge-gc 11
63
8
dbf-gd 3
cfj-gd 3
dai-gd 3
icd-gd 3
je-gd 3
daj-gd 8
gfb-gd 3
bfgc-gd 8
64
2
g-ge 3
dfi-ge 3
65
1
cgh-gf 4
66
5
jdj-gg 3
cdh-gg 11
jhg-gg 3
idf-gg 3
bfjf-gg 11
67
3
bh-gh 2
jci-gh 2
bddh-gh 2
68
3
cbe-gi 3
bcff-gi 8
ch-gi 3
69
3
edh-gj 4
gjj-gj 4
baad-gj 4
70
3
bda-ha 3
db-ha 3
ecc-ha 3
71
2
efh-hb 12
iaa-hb 2
72
4
gg-hc 1
cif-hc 1
dbf-hc 1
ejc-hc 1
73
0
74
7
bcd-he 2
bgi-he 2
gij-he 2
gig-he 2
bcjc-he 2
bebb-he 2
hc-he 2
75
4
da-hf 1
dah-hf 1
hie-hf 1
bdbc-hf 1
76
4
dfj-hg 3
bja-hg 3
gbd-hg 3
cgj-hg 3
77
7
bdh-hh 4
caa-hh 4
cae-hh 4
bjb-hh 4
jae-hh 4
gcj-hh 4
beic-hh 4
78
5
fa-hi 1
bac-hi 1
ihf-hi 1
baec-hi 8
iba-hi 8
79
3
di-hj 2
gfg-hj 2
jfc-hj 10
80
4
di-ia 1
ccc-ia 1
bdjd-ia 1
bfeh-ia 1
81
4
gia-ib 1
ghd-ib 1
dea-ib 1
dad-ib 1
82
3
cgi-ic 2
fdf-ic 2
bedh-ic 2
83
4
ej-id 1
ebd-id 1
gbg-id 1
eab-id 9
84
5
bjd-ie 4
dej-ie 4
haj-ie 4
fbb-ie 4
eeh-ie 4
85
3
di-if 4
bcge-if 4
bfce-if 4
86
2
egf-ig 1
baif-ig 1
87
3
bba-ih 3
cgh-ih 3
bcfj-ih 3
88
6
chf-ii 9
eig-ii 2
bacd-ii 2
dgc-ii 2
bacj-ii 2
bgfi-ii 2
89
4
dbi-ij 3
fbc-ij 3
bcd-ij 3
ife-ij 3
90
3
bei-ja 1
fef-ja 1
hij-ja 9
91
4
jc-jb 4
bhe-jb 4
bc-jb 4
ehi-jb 4
92
6
hj-jc 4
gbe-jc 4
gii-jc 4
fci-jc 4
babi-jc 9
bbjg-jc 9
93
2
cae-jd 4
fhj-jd 4
94
6
bbi-je 4
bi-je 10
fcf-je 4
bfc-je 4
gdf-je 10
bfgb-je 4
95
3
dfc-jf 3
iae-jf 3
gbd-jf 3
96
3
ec-jg 3
beb-jg 3
daf-jg 11
97
6
ei-jh 2
ecj-jh 2
bcbf-jh 2
dai-jh 2
hib-jh 2
bbfg-jh 12
98
5
gbe-ji 3
idd-ji 3
bccj-ji 3
bdjh-ji 3
beaa-ji 3
99
3
dej-jj 1
bcee-jj 1
fgf-jj 1
100
5
bfg-baa 4
dfi-baa 4
fhg-baa 4
efg-baa 9
dig-baa 4
101
4
chf-bab 2
ede-bab 2
jhg-bab 2
eic-bab 12
102
5
hj-bac 4
da-bac 4
hfi-bac 4
gja-bac 12
bfe-bac 12
103
3
bfi-bad 2
bha-bad 2
jid-bad 2
104
4
cd-bae 4
bdga-bae 10
dgj-bae 4
ceg-bae 4
105
5
cgb-baf 2
cbg-baf 2
bcb-baf 2
cj-baf 2
bdbh-baf 2
106
7
bcc-bag 2
dad-bag 2
ede-bag 2
fic-bag 2
bbfi-bag 2
baab-bag 2
bfce-bag 2
107
6
deg-bah 3
ddf-bah 3
hbf-bah 9
bbcc-bah 3
ifd-bah 3
gjh-bah 9
108
2
bda-bai 1
cfj-bai 10
109
6
db-baj 1
bda-baj 1
ddb-baj 1
chf-baj 1
eg-baj 1
cjg-baj 1
110
5
hi-bba 4
je-bba 4
dic-bba 4
gdc-bba 9
fbe-bba 4
111
4
bdh-bbb 2
edb-bbb 2
fdh-bbb 2
d-bbb 2
112
5
dbb-bbc 3
jje-bbc 8
gbg-bbc 3
chf-bbc 8
dgb-bbc 3
113
2
bja-bbd 1
gca-bbd 1
114
3
cie-bbe 2
ehd-bbe 2
cb-bbe 2
115
5
fj-bbf 1
bej-bbf 1
dfc-bbf 1
bage-bbf 11
bei-bbf 11
116
6
cbd-bbg 3
bbbj-bbg 10
gdc-bbg 10
eba-bbg 3
eg-bbg 3
iff-bbg 3
117
3
ehi-bbh 4
gjh-bbh 4
bacc-bbh 9
118
9
bca-bbi 2
cea-bbi 2
beb-bbi 2
ib-bbi 2
gfd-bbi 2
cbb-bbi 2
ige-bbi 2
bech-bbi 2
beeh-bbi 12
119
7
bbf-bbj 4
gjh-bbj 4
eh-bbj 4
baja-bbj 4
bbag-bbj 4
fag-bbj 9
ige-bbj 4
120
6
cc-bca 3
bae-bca 3
eae-bca 3
gae-bca 3
cji-bca 3
gaf-bca 3
121
4
bbdg-bcb 1
fba-bcb 12
bdea-bcb 1
bbgc-bcb 1
122
7
bjd-bcc 4
jg-bcc 4
gfi-bcc 4
hgb-bcc 4
bebg-bcc 4
bbab-bcc 12
bbff-bcc 12
123
5
gc-bcd 2
ddj-bcd 2
jec-bcd 2
eed-bcd 2
iie-bcd 2
124
8
bb-bce 4
ccc-bce 4
fed-bce 4
gef-bce 10
edi-bce 4
bi-bce 4
bagd-bce 10
gc-bce 4
125
4
deg-bcf 4
cea-bcf 4
ddj-bcf 4
gih-bcf 4
126
7
di-bcg 3
dbg-bcg 3
cah-bcg 3
bhj-bcg 3
g-bcg 3
hcj-bcg 3
dgg-bcg 3
127
6
bfc-bch 4
dfd-bch 4
ecb-bch 4
gad-bch 4
fbh-bch 10
bgbf-bch 4
128
7
bbc-bci 3
fi-bci 3
fag-bci 3
bagb-bci 3
bbhe-bci 8
bcbc-bci 3
bbf-bci 3
129
7
bbf-bcj 4
bah-bcj 4
cjh-bcj 4
eac-bcj 4
iff-bcj 10
cjg-bcj 4
icj-bcj 4
130
6
ia-bda 2
fbe-bda 2
dhg-bda 11
eh-bda 11
ffa-bda 11
dfj-bda 2
131
8
bfc-bdb 2
djh-bdb 2
bhb-bdb 2
cda-bdb 2
fib-bdb 2
jbg-bdb 2
efd-bdb 11
deh-bdb 2
132
9
bec-bdc 1
fee-bdc 8
bbfe-bdc 1
bbjh-bdc 1
bbah-bdc 1
fdc-bdc 1
jbg-bdc 1
cfc-bdc 1
bfea-bdc 1
133
5
bja-bdd 1
efa-bdd 1
bcgc-bdd 10
bjf-bdd 1
bece-bdd 1
134
6
bdh-bde 4
hhi-bde 4
iah-bde 4
bba-bde 4
gge-bde 4
beec-bde 4
135
6
hc-bdf 4
bhe-bdf 4
gbf-bdf 12
gea-bdf 12
hcg-bdf 12
bbab-bdf 4
136
8
bcc-bdg 3
ch-bdg 3
dhi-bdg 3
jdg-bdg 3
bahh-bdg 12
djj-bdg 3
cha-bdg 3
bbij-bdg 12
137
4
edg-bdh 2
feh-bdh 2
ce-bdh 2
jjg-bdh 2
138
6
ich-bdi 4
gci-bdi 4
iic-bdi 10
bcfj-bdi 4
bffi-bdi 4
jbe-bdi 4
139
7
ffb-bdj 2
igb-bdj 2
igg-bdj 2
bbbh-bdj 2
jfe-bdj 9
geh-bdj 9
hhc-bdj 2
140
4
dgb-bea 2
dgc-bea 2
cdh-bea 2
fif-bea 2
141
8
cbg-beb 4
cbe-beb 4
fe-beb 4
dci-beb 4
edh-beb 4
ffd-beb 4
djg-beb 4
hia-beb 9
142
8
hj-bec 2
eei-bec 2
bdh-bec 2
ii-bec 2
ica-bec 2
bdei-bec 2
hff-bec 2
hea-bec 8
143
6
bhc-bed 4
cfa-bed 4
ica-bed 4
feh-bed 4
cd-bed 9
begd-bed 4
144
5
cfa-bee 4
gjd-bee 4
dfg-bee 4
bbej-bee 4
bgbe-bee 10
145
4
bjd-bef 3
dai-bef 3
jei-bef 3
fgj-bef 3
146
5
bja-beg 4
ea-beg 4
bef-beg 4
fei-beg 4
hgd-beg 4
147
9
hi-beh 3
ef-beh 3
bab-beh 3
cia-beh 3
ih-beh 3
ccg-beh 3
ieh-beh 11
gdd-beh 3
jbj-beh 3
148
5
fge-bei 1
jbi-bei 1
bcgi-bei 1
becg-bei 1
jca-bei 12
149
5
cdi-bej 2
bdb-bej 2
dbi-bej 2
bec-bej 2
fif-bej 8
150
5
ddd-bfa 2
cjd-bfa 2
egg-bfa 2
cdf-bfa 2
ifi-bfa 2
151
2
fda-bfb 2
bdji-bfb 9
152
9
dhb-bfc 3
cdb-bfc 3
fbb-bfc 3
cei-bfc 3
fcb-bfc 3
ifh-bfc 3
gbi-bfc 3
dcb-bfc 11
bafi-bfc 3
153
4
bif-bfd 3
cie-bfd 3
haa-bfd 3
jgi-bfd 3
154
5
cgh-bfe 2
hff-bfe 2
baea-bfe 2
dch-bfe 2
gbc-bfe 2
155
4
fdh-bff 2
gfe-bff 2
eec-bff 2
bcie-bff 2
156
8
bef-bfg 3
hj-bfg 3
fh-bfg 3
dae-bfg 3
be-bfg 3
efi-bfg 3
hhe-bfg 3
bgac-bfg 12
157
4
baf-bfh 1
bae-bfh 1
eaa-bfh 1
gcj-bfh 1
158
7
bacf-bfi 1
ich-bfi 1
idg-bfi 1
jhe-bfi 1
gaa-bfi 10
ecj-bfi 1
bgci-bfi 10
159
5
ded-bfj 2
gce-bfj 2
gif-bfj 2
jjj-bfj 2
bii-bfj 2
160
3
dij-bga 2
efe-bga 2
hbd-bga 2
161
6
dff-bgb 1
hea-bgb 10
bahe-bgb 1
bcga-bgb 1
bedd-bgb 1
cgc-bgb 1
162
7
fd-bgc 4
cdb-bgc 4
ehc-bgc 4
cff-bgc 4
ffi-bgc 4
cgd-bgc 4
bdeh-bgc 4
163
5
f-bgd 4
gd-bgd 4
edg-bgd 11
dbj-bgd 4
bgdh-bgd 4
164
3
d-bge 4
hci-bge 12
jif-bge 4
165
4
bie-bgf 1
bd-bgf 1
baih-bgf 1
iaa-bgf 1
166
6
id-bgg 4
babe-bgg 4
ehg-bgg 12
bcaa-bgg 12
heh-bgg 12
bdde-bgg 4
167
5
dbg-bgh 2
cej-bgh 2
cgg-bgh 2
be-bgh 2
bfgh-bgh 2
168
8
cej-bgi 4
baa-bgi 4
eij-bgi 4
bhh-bgi 4
bc-bgi 4
cbi-bgi 4
dda-bgi 4
daj-bgi 11
169
5
djh-bgj 4
hbh-bgj 4
jai-bgj 4
hch-bgj 4
bffe-bgj 4
170
8
fh-bha 2
ccd-bha 2
ddd-bha 2
edd-bha 2
bff-bha 2
bde-bha 2
bi-bha 2
gi-bha 10
171
6
jh-bhb 2
cda-bhb 2
ih-bhb 2
hhd-bhb 12
fcb-bhb 2
bfbi-bhb 2
172
6
bfe-bhc 3
edf-bhc 3
eje-bhc 3
gfg-bhc 3
bbfd-bhc 11
bagf-bhc 3
173
4
bcb-bhd 3
hj-bhd 3
gii-bhd 3
eed-bhd 3
174
5
bgj-bhe 3
chd-bhe 3
ebi-bhe 3
cfe-bhe 3
daa-bhe 8
175
6
dgi-bhf 3
ech-bhf 3
cgi-bhf 3
ca-bhf 3
jga-bhf 3
bci-bhf 3
176
7
cbg-bhg 4
bci-bhg 4
cfi-bhg 4
baf-bhg 4
cdi-bhg 12
iga-bhg 4
babb-bhg 4
177
4
cbc-bhh 1
cch-bhh 1
efe-bhh 1
bai-bhh 1
178
5
cdb-bhi 2
eaj-bhi 8
ibh-bhi 2
gbb-bhi 2
bacb-bhi 2
179
7
hg-bhj 1
fha-bhj 1
ghd-bhj 1
cb-bhj 1
dbf-bhj 1
bafb-bhj 9
hbc-bhj 1
180
4
hi-bia 3
cch-bia 3
dac-bia 3
bjg-bia 3
181
3
hjj-bib 1
fhc-bib 1
eae-bib 11
182
4
dc-bic 1
baa-bic 1
hdc-bic 1
eee-bic 1
183
4
dec-bid 1
beh-bid 1
bef-bid 1
bajd-bid 1
184
11
bbc-bie 2
bae-bie 2
bef-bie 2
dbe-bie 2
bcc-bie 2
cdc-bie 2
cfe-bie 2
hdd-bie 2
eig-bie 2
bde-bie 2
bcai-bie 2
185
5
cji-bif 3
je-bif 3
bahf-bif 3
babf-bif 8
bgcg-bif 8
186
2
deg-big 4
bdde-big 4
187
4
ccj-bih 3
dcf-bih 3
hef-bih 3
bcff-bih 9
188
5
dfa-bii 1
bga-bii 1
ejd-bii 1
caj-bii 1
bcej-bii 1
189
6
bcj-bij 3
eab-bij 3
cha-bij 11
gfi-bij 3
cia-bij 3
ba-bij 3
190
3
dig-bja 2
ded-bja 2
dca-bja 9
191
4
db-bjb 2
bbee-bjb 2
bcdb-bjb 2
fed-bjb 2
192
5
ibe-bjc 4
bagc-bjc 4
eia-bjc 4
baad-bjc 4
ggh-bjc 4
193
5
di-bjd 2
gd-bjd 2
bij-bjd 2
hdg-bjd 8
ghb-bjd 8
194
4
dgf-bje 2
eja-bje 2
ecd-bje 9
cga-bje 2
195
6
hie-bjf 3
hii-bjf 3
ecg-bjf 10
baff-bjf 10
bccc-bjf 3
hic-bjf 10
196
3
cec-bjg 3
dih-bjg 3
df-bjg 3
197
6
bcb-bjh 2
eah-bjh 2
cd-bjh 2
gfd-bjh 2
jeb-bjh 2
djg-bjh 2
198
4
dbg-bji 3
cgh-bji 3
fdj-bji 3
beeb-bji 8
199
4
jhe-bjj 2
edg-bjj 2
gci-bjj 10
baad-bjj 10
200
6
dhc-caa 1
jgd-caa 1
ecb-caa 1
bafd-caa 1
hfg-caa 1
djj-caa 1
201
6
bdg-cab 2
daf-cab 2
bef-cab 2
cjd-cab 2
jca-cab 2
jbg-cab 2
202
5
cgd-cac 4
djc-cac 4
bbdh-cac 4
dbf-cac 4
fid-cac 12
203
3
edd-cad 4
ege-cad 4
icg-cad 4
204
8
cci-cae 2
bea-cae 2
gdi-cae 2
chb-cae 2
bcb-cae 2
jcd-cae 2
bccg-cae 2
hhb-cae 10
205
3
bafb-caf 9
gag-caf 4
ghc-caf 4
206
4
bbg-cag 4
cie-cag 4
fbi-cag 4
ebb-cag 4
207
6
cce-cah 3
fde-cah 3
fac-cah 3
ih-cah 3
bahc-cah 3
bebe-cah 3
208
2
jda-cai 4
gdb-cai 4
209
4
jh-caj 1
eba-caj 1
eji-caj 1
ghh-caj 1
210
4
bfi-cba 3
bccb-cba 3
bbjf-cba 10
bgdd-cba 10
211
5
ca-cbb 1
be-cbb 1
da-cbb 1
cge-cbb 1
ihc-cbb 1
212
2
efg-cbc 12
bcdg-cbc 12
213
8
ehe-cbd 1
bif-cbd 1
chb-cbd 1
eag-cbd 1
bcdc-cbd 1
cec-cbd 1
jej-cbd 1
jfc-cbd 10
214
1
bbcc-cbe 10
215
3
ceb-cbf 2
cdj-cbf 2
bff-cbf 2
216
4
bdg-cbg 1
hjj-cbg 1
bbfi-cbg 9
becj-cbg 9
217
5
ej-cbh 4
bfg-cbh 4
caj-cbh 4
bhi-cbh 4
jhi-cbh 4
218
3
bdi-cbi 1
ede-cbi 12
ebh-cbi 1
219
5
db-cbj 1
dcf-cbj 1
hi-cbj 1
jec-cbj 1
gjj-cbj 1
220
6
cbe-cca 3
bbi-cca 3
ihg-cca 3
ehi-cca 3
bbdb-cca 3
eea-cca 3
221
6
bjj-ccb 2
eig-ccb 2
ejj-ccb 2
d-ccb 2
ddd-ccb 2
jeh-ccb 2
222
3
eag-ccc 2
bcda-ccc 2
jfh-ccc 2
223
6
cjf-ccd 3
ecd-ccd 3
dhh-ccd 3
eae-ccd 3
feh-ccd 3
bajb-ccd 10
224
4
bdc-cce 1
daf-cce 1
hdf-cce 1
bceh-cce 1
225
7
dca-ccf 4
hcc-ccf 4
ghd-ccf 4
jeg-ccf 4
ihi-ccf 9
ga-ccf 9
bfdd-ccf 4
226
7
bih-ccg 2
fhh-ccg 2
ide-ccg 2
hde-ccg 2
ijd-ccg 2
bahi-ccg 2
hjh-ccg 2
227
4
bhe-cch 4
baaf-cch 8
ice-cch 4
egd-cch 8
228
4
ceb-cci 2
haf-cci 2
bgbg-cci 8
bbfd-cci 2
229
6
cch-ccj 10
eeb-ccj 1
gdf-ccj 1
hji-ccj 10
bch-ccj 1
j-ccj 1
230
3
dd-cda 1
jae-cda 1
ejd-cda 1
231
4
fcf-cdb 3
jaa-cdb 9
bff-cdb 3
ejg-cdb 9
232
6
ccj-cdc 2
gac-cdc 2
eb-cdc 2
fad-cdc 2
ddj-cdc 2
hjg-cdc 2
233
2
db-cdd 2
bebi-cdd 2
234
7
bjb-cde 4
fff-cde 4
bi-cde 4
bj-cde 4
gge-cde 4
hhb-cde 4
bdia-cde 4
235
5
iee-cdf 2
fjc-cdf 9
badh-cdf 2
bhj-cdf 2
dfa-cdf 2
236
6
bdf-cdg 2
eif-cdg 2
cid-cdg 2
gcf-cdg 2
dff-cdg 12
bfjd-cdg 2
237
3
gd-cdh 2
gfd-cdh 2
bbja-cdh 9
238
4
deb-cdi 4
jbc-cdi 4
j-cdi 4
beha-cdi 9
239
3
chh-cdj 1
ega-cdj 1
hgg-cdj 1
240
7
if-cea 3
be-cea 3
cfi-cea 3
cac-cea 3
gbi-cea 3
jaj-cea 10
che-cea 3
241
6
bch-ceb 3
cii-ceb 3
dfe-ceb 3
bfj-ceb 3
dhh-ceb 3
bdea-ceb 12
242
4
bdg-cec 3
bbc-cec 3
bajb-cec 3
bad-cec 3
243
3
cah-ced 2
efg-ced 2
bbgc-ced 2
244
3
eej-cee 3
jhc-cee 3
ic-cee 3
245
4
dab-cef 2
bfi-cef 2
bbec-cef 2
bha-cef 2
246
4
bfa-ceg 1
cah-ceg 1
iag-ceg 10
gdg-ceg 1
247
4
bje-ceh 3
cic-ceh 3
eeg-ceh 3
gdd-ceh 3
248
5
bfb-cei 3
dgf-cei 3
ehj-cei 3
ddf-cei 3
fhi-cei 3
249
8
bda-cej 3
ef-cej 3
dif-cej 12
gig-cej 3
jej-cej 3
bbee-cej 12
bbeg-cej 3
bh-cej 3
250
5
eb-cfa 1
gei-cfa 12
hdi-cfa 1
ice-cfa 1
bdhb-cfa 12
251
7
fc-cfb 4
fgg-cfb 4
g-cfb 4
cea-cfb 4
gje-cfb 4
baga-cfb 4
fhe-cfb 4
252
3
eca-cfc 3
gef-cfc 3
ieg-cfc 3
253
6
ccg-cfd 3
cje-cfd 3
geb-cfd 12
a-cfd 3
bchd-cfd 3
bcdh-cfd 3
254
2
jf-cfe 2
ijc-cfe 12
255
5
egj-cff 1
hjf-cff 1
bafc-cff 1
hda-cff 1
ejg-cff 11
256
4
ej-cfg 11
bbdg-cfg 11
bfdb-cfg 11
gic-cfg 2
257
7
baj-cfh 4
bee-cfh 4
gbg-cfh 4
cid-cfh 4
fjh-cfh 4
bbee-cfh 4
cie-cfh 8
258
5
eec-cfi 2
chd-cfi 2
badf-cfi 2
bcfi-cfi 2
dhi-cfi 2
259
6
bd-cfj 1
beb-cfj 1
fh-cfj 1
dib-cfj 1
efb-cfj 1
cfi-cfj 12
260
7
dh-cga 3
chf-cga 3
cah-cga 3
cgd-cga 3
bhb-cga 3
chj-cga 3
bcjf-cga 8
261
5
dch-cgb 1
dhd-cgb 1
da-cgb 10
gdf-cgb 10
deb-cgb 10
262
6
fji-cgc 2
hdb-cgc 2
cdb-cgc 2
ica-cgc 2
ee-cgc 2
hfc-cgc 2
263
6
dcj-cgd 2
dcf-cgd 2
bec-cgd 2
bafi-cgd 2
bafd-cgd 10
bajg-cgd 2
264
6
fh-cge 1
ea-cge 1
cci-cge 1
bfc-cge 1
hai-cge 1
bba-cge 1
265
5
dej-cgf 3
fcc-cgf 3
gie-cgf 3
ibe-cgf 3
bgbh-cgf 8
266
5
bii-cgg 4
bdh-cgg 4
fhc-cgg 8
dib-cgg 4
bgae-cgg 4
267
5
hif-cgh 2
cag-cgh 2
babb-cgh 2
bdhc-cgh 12
hc-cgh 2
268
5
daf-cgi 4
djh-cgi 4
fdh-cgi 9
ia-cgi 4
baaa-cgi 9
269
4
eag-cgj 1
dgg-cgj 1
fei-cgj 1
ifi-cgj 1
270
6
dcb-cha 3
bhi-cha 3
dhj-cha 3
egj-cha 3
gfh-cha 3
ged-cha 3
271
3
eci-chb 3
fff-chb 3
bcbi-chb 3
272
5
fjc-chc 1
hba-chc 1
jfb-chc 1
jhd-chc 9
bbfj-chc 9
273
4
dfj-chd 1
ebh-chd 1
cjc-chd 1
bfbg-chd 8
274
4
dbj-che 3
eah-che 3
dej-che 3
befj-che 3
275
5
did-chf 1
ehb-chf 1
hfb-chf 1
fch-chf 1
eca-chf 8
276
4
fc-chg 2
hja-chg 2
iab-chg 2
edh-chg 2
277
4
ca-chh 1
ddj-chh 1
cid-chh 1
cbb-chh 1
278
6
cee-chi 2
ibj-chi 2
hga-chi 2
bbea-chi 2
bbc-chi 8
jeh-chi 2
279
6
dia-chj 2
fg-chj 2
bgh-chj 2
jg-chj 2
fjd-chj 2
hhi-chj 2
280
4
eie-cia 4
jej-cia 4
cce-cia 4
jj-cia 4
281
5
eha-cib 11
hh-cib 3
bdhh-cib 11
bcce-cib 3
bdhb-cib 11
282
5
bbi-cic 1
igc-cic 1
ifd-cic 1
jce-cic 1
dhi-cic 1
283
11
bdh-cid 1
dfa-cid 1
ehb-cid 1
fcf-cid 1
ebi-cid 1
fic-cid 1
dfd-cid 1
bii-cid 1
hgg-cid 1
cjb-cid 11
cab-cid 1
284
3
bih-cie 3
jfi-cie 12
gg-cie 12
285
8
dcb-cif 1
dgb-cif 1
dae-cif 1
gfe-cif 1
idd-cif 1
baed-cif 1
bbai-cif 1
bcja-cif 8
286
6
eef-cig 1
dge-cig 1
hbj-cig 1
hdd-cig 1
hai-cig 1
bbac-cig 1
287
2
cda-cih 4
icg-cih 11
288
6
cah-cii 2
dad-cii 2
gbi-cii 2
gc-cii 2
ggd-cii 2
baha-cii 12
289
4
bgi-cij 1
cch-cij 1
dgf-cij 1
ch-cij 1
290
6
ead-cja 2
ehg-cja 2
dge-cja 2
hcj-cja 2
ija-cja 2
bcaa-cja 2
291
4
eei-cjb 4
jbi-cjb 4
bagh-cjb 4
beba-cjb 10
292
4
db-cjc 4
bada-cjc 12
bcih-cjc 4
bfgi-cjc 12
293
2
eje-cjd 2
bdaa-cjd 10
294
3
bbi-cje 12
cea-cje 12
fje-cje 3
295
3
egf-cjf 1
cgb-cjf 1
dba-cjf 1
296
1
cgb-cjg 4
297
5
dci-cjh 1
da-cjh 1
hhf-cjh 1
jfd-cjh 1
he-cjh 1
298
6
bee-cji 3
id-cji 3
hbd-cji 3
dbj-cji 3
bdce-cji 3
bdcg-cji 3
299
6
cc-cjj 4
bgh-cjj 4
fci-cjj 4
jah-cjj 10
bcie-cjj 4
bfeb-cjj 10
300
6
fh-daa 2
ih-daa 2
edd-daa 2
bbhc-daa 2
jjb-daa 2
bfde-daa 8
301
6
ede-dab 2
hi-dab 11
icf-dab 2
cjh-dab 2
bace-dab 2
bef-dab 11
302
5
de-dac 2
bgi-dac 2
fgc-dac 2
dce-dac 2
iid-dac 2
303
4
dab-dad 3
gfe-dad 3
gcb-dad 3
gfd-dad 9
304
4
ebf-dae 3
baaa-dae 3
fce-dae 12
bcib-dae 12
305
7
cha-daf 1
badi-daf 10
bdag-daf 1
bddb-daf 1
bdcb-daf 10
fbb-daf 10
jae-daf 1
306
3
eb-dag 2
jg-dag 2
hcd-dag 2
307
4
cgi-dah 4
ihj-dah 4
ggg-dah 4
ehc-dah 4
308
6
dhc-dai 1
chh-dai 1
ebd-dai 1
bafa-dai 1
ejb-dai 1
bchi-dai 1
309
6
dce-daj 1
ebb-daj 1
fae-daj 1
fhj-daj 1
dhe-daj 1
geh-daj 11
310
3
bff-dba 3
gdh-dba 3
hhj-dba 10
311
4
dfc-dbb 3
eaa-dbb 8
dgi-dbb 3
cjb-dbb 3
312
2
dah-dbc 4
hca-dbc 12
313
5
bfg-dbd 4
bbg-dbd 4
ceg-dbd 4
gcb-dbd 12
bdjf-dbd 12
314
3
dfh-dbe 3
dac-dbe 3
bcaf-dbe 9
315
7
gdc-dbf 3
gib-dbf 11
ei-dbf 3
dac-dbf 3
eid-dbf 3
bbcb-dbf 3
baad-dbf 3
316
3
dab-dbg 3
iag-dbg 10
ffg-dbg 3
317
5
cid-dbh 4
cdb-dbh 4
caa-dbh 4
gfj-dbh 4
fha-dbh 4
318
5
ch-dbi 3
eia-dbi 3
fah-dbi 3
edd-dbi 3
bcaa-dbi 3
319
6
cgb-dbj 1
cg-dbj 1
dad-dbj 1
gjf-dbj 1
dhd-dbj 1
bb-dbj 1
320
5
badg-dca 1
bdii-dca 11
jbi-dca 11
a-dca 1
bda-dca 11
321
6
efg-dcb 3
gbj-dcb 3
eda-dcb 8
gad-dcb 3
jia-dcb 3
fi-dcb 3
322
9
eie-dcc 4
chf-dcc 4
cdd-dcc 4
di-dcc 9
ddf-dcc 4
jah-dcc 9
heg-dcc 4
fbb-dcc 4
gdi-dcc 4
323
4
gjc-dcd 1
cg-dcd 1
cfg-dcd 1
gda-dcd 1
324
4
bcg-dce 4
cce-dce 4
jef-dce 11
ebg-dce 4
325
5
bhe-dcf 4
fce-dcf 4
fea-dcf 4
cgb-dcf 4
bbja-dcf 11
326
3
cd-dcg 3
dca-dcg 8
jjj-dcg 3
327
5
cjc-dch 2
eca-dch 2
dh-dch 2
bdgc-dch 2
jai-dch 10
328
5
ehi-dci 2
cge-dci 2
ddg-dci 2
bcef-dci 11
dae-dci 2
329
5
bde-dcj 1
dhd-dcj 1
dbj-dcj 1
jcg-dcj 11
begb-dcj 1
330
4
dai-dda 1
cea-dda 1
bjj-dda 1
fjj-dda 1
331
6
cjb-ddb 2
ddd-ddb 2
eig-ddb 2
bcea-ddb 2
bdge-ddb 2
bbdj-ddb 2
332
5
beg-ddc 2
ia-ddc 2
bja-ddc 2
dac-ddc 2
bfjb-ddc 10
333
4
bci-ddd 3
gfa-ddd 3
hed-ddd 3
beef-ddd 3
334
9
ehd-dde 3
ejf-dde 3
gaa-dde 3
bbj-dde 3
ghh-dde 3
dbe-dde 3
fbe-dde 3
ifj-dde 3
d-dde 3
335
7
chf-ddf 1
jh-ddf 1
bei-ddf 1
id-ddf 1
eij-ddf 1
eb-ddf 1
fcf-ddf 1
336
3
cdi-ddg 4
eid-ddg 12
cgc-ddg 4
337
4
ech-ddh 1
ef-ddh 1
edi-ddh 1
baa-ddh 11
338
6
cfa-ddi 4
ehd-ddi 4
fib-ddi 4
bjc-ddi 4
ef-ddi 4
jja-ddi 4
339
6
ehi-ddj 1
ecg-ddj 12
haa-ddj 1
ccd-ddj 1
ihj-ddj 1
dia-ddj 1
340
6
dia-dea 2
bgi-dea 2
ejd-dea 9
edh-dea 9
ief-dea 9
ebe-dea 2
341
6
hjc-deb 2
hha-deb 2
fei-deb 2
hgj-deb 2
hfg-deb 2
cbi-deb 10
342
5
ba-dec 2
fdc-dec 2
bg-dec 2
bcgh-dec 2
bfg-dec 8
343
5
ihf-ded 10
gij-ded 4
bdbb-ded 4
ddc-ded 4
jab-ded 4
344
5
fhb-dee 4
dhc-dee 4
dej-dee 4
fji-dee 12
cia-dee 4
345
3
ceb-def 2
jfi-def 10
bajh-def 2
346
6
cdh-deg 1
cfb-deg 1
eec-deg 1
hia-deg 1
fhd-deg 12
bceg-deg 1
347
4
gcf-deh 2
ifa-deh 2
iji-deh 2
dj-deh 2
348
2
gjc-dei 1
fif-dei 1
349
4
dif-dej 4
babg-dej 4
bcah-dej 11
fda-dej 11
350
5
fie-dfa 4
hab-dfa 4
bfb-dfa 4
eai-dfa 4
ege-dfa 4
351
3
bde-dfb 3
ehb-dfb 3
e-dfb 9
352
7
ddc-dfc 3
cjc-dfc 3
eb-dfc 3
fgg-dfc 3
ghb-dfc 3
ca-dfc 3
fgj-dfc 3
353
6
bga-dfd 3
da-dfd 3
gcb-dfd 3
bbae-dfd 3
idj-dfd 10
bfcc-dfd 3
354
4
ii-dfe 2
badc-dfe 2
ejd-dfe 2
baac-dfe 9
355
5
jha-dff 2
ife-dff 2
hii-dff 12
gie-dff 12
heg-dff 2
356
3
cdj-dfg 3
dhf-dfg 3
eib-dfg 10
357
5
hg-dfh 4
fhb-dfh 4
fee-dfh 4
bbcb-dfh 4
beci-dfh 4
358
3
hgh-dfi 9
baac-dfi 2
egd-dfi 9
359
3
eb-dfj 4
ejd-dfj 4
bbah-dfj 4
360
5
g-dga 3
dgi-dga 3
fff-dga 3
cb-dga 3
bcdg-dga 12
361
2
cad-dgb 2
bcae-dgb 2
362
6
bc-dgc 3
c-dgc 3
jic-dgc 3
fib-dgc 3
jja-dgc 3
bdbb-dgc 3
363
9
cbc-dgd 2
ebc-dgd 2
bfa-dgd 2
feh-dgd 2
ifg-dgd 2
badi-dgd 2
bajj-dgd 2
bbjf-dgd 2
ifb-dgd 2
364
6
ifc-dge 3
dc-dge 3
hcj-dge 3
bccf-dge 3
ef-dge 3
beaa-dge 3
365
4
dhf-dgf 2
jfj-dgf 2
bbba-dgf 11
bffd-dgf 2
366
3
dce-dgg 4
bg-dgg 4
bced-dgg 4
367
2
dff-dgh 3
idi-dgh 12
368
5
cgg-dgi 4
deb-dgi 4
bbf-dgi 4
ibf-dgi 4
ceb-dgi 4
369
4
gg-dgj 4
bea-dgj 4
bcab-dgj 4
ghb-dgj 4
370
4
dij-dha 1
ecg-dha 1
jhi-dha 1
dji-dha 1
371
3
ebh-dhb 3
d-dhb 3
bajb-dhb 3
372
7
dfg-dhc 3
ccd-dhc 3
dbg-dhc 11
bbce-dhc 3
jii-dhc 11
bdab-dhc 3
bbed-dhc 3
373
6
cdi-dhd 4
fhc-dhd 4
dgh-dhd 12
hfh-dhd 4
ije-dhd 4
baeg-dhd 12
374
6
dca-dhe 12
ieg-dhe 1
bbhi-dhe 12
ehb-dhe 1
bbii-dhe 1
bbhb-dhe 1
375
5
cjd-dhf 3
bcf-dhf 3
ebj-dhf 9
ich-dhf 3
baga-dhf 9
376
4
bfe-dhg 11
ida-dhg 3
beab-dhg 3
begf-dhg 3
377
5
dgf-dhh 1
bbb-dhh 1
bbh-dhh 1
bdac-dhh 1
gbg-dhh 1
378
6
ebh-dhi 2
fhf-dhi 2
fjf-dhi 2
bbbb-dhi 2
bcab-dhi 2
ihg-dhi 10
379
7
fce-dhj 2
idc-dhj 2
ddj-dhj 8
begh-dhj 8
idf-dhj 8
ecj-dhj 2
icc-dhj 2
380
4
bdc-dia 3
jcc-dia 3
hge-dia 3
ecg-dia 12
381
4
cfd-dib 2
bgg-dib 2
dhj-dib 2
ffd-dib 2
382
8
hc-dic 1
dih-dic 1
fh-dic 1
ebi-dic 1
hhd-dic 1
jff-dic 1
edj-dic 11
bbgj-dic 1
383
6
bab-did 2
ccj-did 2
dhg-did 2
hid-did 2
bgj-did 2
eii-did 2
384
6
dci-die 1
fig-die 1
fea-die 1
jeb-die 1
fac-die 1
baag-die 10
385
1
bbdh-dif 8
386
3
edj-dig 3
fcd-dig 11
hih-dig 3
387
2
fdg-dih 1
bbjg-dih 1
388
2
bage-dii 10
bdeg-dii 10
389
5
cga-dij 1
eai-dij 1
bacf-dij 1
hhe-dij 1
ici-dij 11
390
2
bhe-dja 4
bdhi-dja 4
391
2
eee-djb 4
jjj-djb 9
392
3
dba-djc 3
ddi-djc 12
jaj-djc 12
393
6
cie-djd 4
ceb-djd 4
jdd-djd 4
jif-djd 4
ifd-djd 4
bejh-djd 4
394
7
he-dje 4
bbj-dje 4
dbi-dje 4
hag-dje 4
dbh-dje 4
ddc-dje 4
beaj-dje 9
395
2
di-djf 3
eha-djf 3
396
7
baa-djg 2
cji-djg 2
bcc-djg 2
jbc-djg 2
hca-djg 2
bceg-djg 2
efi-djg 12
397
9
bdh-djh 3
djb-djh 3
bif-djh 3
ebi-djh 3
beca-djh 3
gai-djh 3
gdg-djh 3
cjc-djh 9
bdef-djh 9
398
4
cha-dji 1
cic-dji 1
hhj-dji 1
bahj-dji 1
399
6
caj-djj 3
egi-djj 3
dec-djj 3
dda-djj 3
bbc-djj 10
jib-djj 3
400
7
bif-eaa 3
ghi-eaa 3
hbg-eaa 3
bee-eaa 11
eji-eaa 3
jbb-eaa 3
hjj-eaa 11
401
4
fh-eab 3
chi-eab 3
bdha-eab 3
bbga-eab 12
402
5
bcc-eac 2
big-eac 2
bagg-eac 2
cej-eac 11
jhi-eac 2
403
4
chj-ead 3
dce-ead 3
caf-ead 3
dj-ead 3
404
7
fhi-eae 4
gai-eae 4
fed-eae 4
edd-eae 4
gdc-eae 4
icb-eae 10
bic-eae 4
405
4
jc-eaf 3
ghj-eaf 3
fde-eaf 3
fgj-eaf 3
406
5
ca-eag 3
hea-eag 3
gff-eag 12
cfa-eag 3
hgb-eag 3
407
5
cgd-eah 3
eca-eah 11
gdj-eah 3
bbcf-eah 11
bcaj-eah 3
408
4
efh-eai 1
ffa-eai 1
be-eai 1
bbec-eai 11
409
4
eae-eaj 2
dfj-eaj 2
jfa-eaj 2
beec-eaj 2
410
6
cee-eba 3
feb-eba 3
bjj-eba 3
gih-eba 3
bif-eba 11
bebc-eba 3
411
7
ebg-ebb 4
fac-ebb 4
fff-ebb 4
beb-ebb 4
ggb-ebb 4
iij-ebb 8
ffd-ebb 4
412
3
ecb-ebc 4
baej-ebc 4
bjg-ebc 4
413
8
cag-ebd 1
cbb-ebd 1
ejb-ebd 1
had-ebd 1
dgi-ebd 1
badb-ebd 11
bcce-ebd 1
bdae-ebd 11
414
6
dgb-ebe 4
ceb-ebe 4
hfg-ebe 4
df-ebe 4
ebb-ebe 4
bfhc-ebe 4
415
4
bfd-ebf 2
bge-ebf 2
fhf-ebf 2
ijf-ebf 2
416
3
dcf-ebg 2
fga-ebg 2
ghg-ebg 2
417
4
daf-ebh 2
hdg-ebh 2
bahf-ebh 2
icg-ebh 9
418
3
ebd-ebi 3
ebc-ebi 3
hfe-ebi 12
419
5
ghd-ebj 11
jgc-ebj 11
ehi-ebj 1
igf-ebj 1
djj-ebj 11
420
5
dhi-eca 4
dbf-eca 4
jff-eca 4
eh-eca 9
jga-eca 9
421
2
daj-ecb 3
bchc-ecb 9
422
10
cd-ecc 2
edi-ecc 2
ejd-ecc 2
jc-ecc 2
idf-ecc 2
gce-ecc 2
babd-ecc 2
fbe-ecc 2
bdie-ecc 2
bdch-ecc 11
423
3
fba-ecd 4
dha-ecd 4
jfj-ecd 12
424
4
ecd-ece 3
eaa-ece 3
ici-ece 3
eeh-ece 3
425
6
dh-ecf 3
eed-ecf 3
dgb-ecf 3
dc-ecf 3
cib-ecf 3
beh-ecf 3
426
3
dfa-ecg 4
bcca-ecg 9
fbc-ecg 4
427
5
fcf-ech 1
dbh-ech 1
bajd-ech 1
jjc-ech 8
hcd-ech 8
428
4
dh-eci 1
cei-eci 1
hcg-eci 9
jac-eci 9
429
3
gbj-ecj 4
fbc-ecj 4
ihi-ecj 4
430
7
dgb-eda 4
eai-eda 4
hbd-eda 4
igj-eda 4
dhf-eda 12
bbdb-eda 4
bdcg-eda 4
431
7
ff-edb 4
fb-edb 4
eci-edb 4
gec-edb 4
jj-edb 4
iia-edb 4
gdd-edb 11
432
5
bhb-edc 1
dci-edc 1
ggi-edc 1
baa-edc 1
ihi-edc 1
433
6
bai-edd 4
dfa-edd 4
ebd-edd 4
gag-edd 4
bdh-edd 4
cbe-edd 10
434
4
ejb-ede 2
ffi-ede 2
jbb-ede 2
jh-ede 10
435
6
ci-edf 3
dic-edf 3
fah-edf 3
hba-edf 3
bdfe-edf 3
bdag-edf 3
436
6
bgd-edg 3
ddc-edg 3
ggd-edg 3
jgh-edg 3
cde-edg 3
ie-edg 3
437
5
dah-edh 8
cfj-edh 4
bbgb-edh 8
hcd-edh 8
beb-edh 4
438
9
ccg-edi 4
cfj-edi 4
eja-edi 4
gah-edi 4
gie-edi 4
egf-edi 10
bjd-edi 4
bda-edi 4
baib-edi 4
439
3
cfb-edj 4
egj-edj 4
egf-edj 9
440
4
djh-eea 2
gcc-eea 2
igj-eea 2
bgj-eea 2
441
4
dec-eeb 4
hgh-eeb 11
bab-eeb 4
hei-eeb 4
442
4
cbe-eec 2
bha-eec 2
hci-eec 2
dge-eec 2
443
4
gcd-eed 3
fcg-eed 8
iaa-eed 8
jhc-eed 3
444
3
fgi-eee 9
idg-eee 9
chb-eee 4
445
5
dej-eef 1
bdg-eef 9
jad-eef 1
bie-eef 1
bdcd-eef 1
446
6
dji-eeg 3
chg-eeg 3
cfe-eeg 3
dcc-eeg 3
bfc-eeg 3
badg-eeg 3
447
3
bcc-eeh 4
fbd-eeh 4
gbb-eeh 4
448
5
ejc-eei 2
fii-eei 2
bih-eei 2
haj-eei 2
beed-eei 8
449
4
chc-eej 1
bbif-eej 11
bcag-eej 1
bcih-eej 11
450
7
ii-efa 2
dhd-efa 2
egc-efa 2
cbb-efa 2
jia-efa 11
bccg-efa 2
hch-efa 11
451
3
eib-efb 2
ehc-efb 12
bbgj-efb 2
452
4
bhh-efc 1
fdg-efc 1
ehd-efc 1
hd-efc 1
453
4
bbc-efd 3
igj-efd 3
iac-efd 3
fei-efd 8
454
2
ija-efe 3
bcdb-efe 12
455
5
fff-eff 2
hgf-eff 2
jge-eff 10
bbed-eff 2
bjf-eff 10
456
5
daf-efg 2
fii-efg 2
bcad-efg 11
bbj-efg 2
iib-efg 11
457
7
dci-efh 4
fde-efh 4
ibb-efh 4
bbeg-efh 4
ded-efh 9
iic-efh 9
igc-efh 4
458
3
eed-efi 3
icc-efi 3
eec-efi 9
459
6
efe-efj 1
gde-efj 1
fhc-efj 1
fje-efj 1
bbfa-efj 1
bbca-efj 1
460
8
cgd-ega 2
icf-ega 2
bja-ega 11
bbac-ega 2
cbg-ega 2
feh-ega 2
bac-ega 11
jca-ega 11
461
6
efi-egb 3
fdb-egb 3
cdg-egb 3
hic-egb 12
jg-egb 3
bcdf-egb 12
462
2
ddc-egc 3
ccj-egc 3
463
4
bbf-egd 2
ebd-egd 2
bdhg-egd 2
cfa-egd 9
464
6
ecb-ege 3
fdb-ege 3
bg-ege 3
dbb-ege 3
ifi-ege 3
dib-ege 3
465
4
cha-egf 2
fge-egf 10
eae-egf 10
ifd-egf 10
466
5
die-egg 1
eaj-egg 1
ed-egg 1
jia-egg 1
idd-egg 11
467
3
gah-egh 1
cii-egh 1
iid-egh 1
468
4
cdi-egi 2
hef-egi 8
efa-egi 2
ghc-egi 2
469
6
ij-egj 2
dbi-egj 8
ibi-egj 2
jj-egj 2
baih-egj 2
jdg-egj 8
470
6
bjj-eha 1
eid-eha 1
bbi-eha 1
bcbi-eha 1
cgh-eha 8
fgd-eha 1
471
4
bfc-ehb 3
bj-ehb 3
fei-ehb 3
hib-ehb 11
472
2
cdh-ehc 3
iad-ehc 3
473
4
dfd-ehd 3
hcb-ehd 10
hjj-ehd 3
bffb-ehd 10
474
4
di-ehe 1
hje-ehe 1
ibh-ehe 10
bebj-ehe 1
475
5
caa-ehf 3
fag-ehf 3
hgh-ehf 3
cac-ehf 3
jgj-ehf 3
476
5
ddb-ehg 4
cgg-ehg 4
hda-ehg 4
edf-ehg 8
bdgh-ehg 8
477
5
dad-ehh 2
dcc-ehh 2
gcc-ehh 2
had-ehh 2
ecf-ehh 2
478
3
fef-ehi 2
bbeg-ehi 2
jfd-ehi 8
479
4
hbj-ehj 2
baeh-ehj 2
bcgj-ehj 11
eci-ehj 2
480
5
ddb-eia 1
efb-eia 1
bfa-eia 1
efc-eia 1
cjj-eia 1
481
4
dg-eib 1
bbbe-eib 10
iih-eib 10
bcji-eib 1
482
5
ebb-eic 1
fhi-eic 1
bdfb-eic 9
befh-eic 1
bfef-eic 9
483
6
hc-eid 4
bdg-eid 4
fbg-eid 4
ejg-eid 4
bddi-eid 4
bfhj-eid 4
484
5
gbb-eie 1
baf-eie 1
gcf-eie 1
bbaf-eie 1
ffj-eie 1
485
4
djj-eif 3
daa-eif 3
fdf-eif 10
hac-eif 3
486
4
ede-eig 3
edi-eig 3
fdf-eig 3
bfeh-eig 3
487
5
efh-eih 2
cag-eih 2
jc-eih 2
ifi-eih 2
daa-eih 2
488
4
bgb-eii 4
cfd-eii 4
fij-eii 4
bfdi-eii 12
489
5
bje-eij 2
dfg-eij 2
ief-eij 2
dcc-eij 2
jae-eij 2
490
3
iaj-eja 1
hej-eja 12
babi-eja 12
491
3
cdi-ejb 2
ibd-ejb 12
bhc-ejb 2
492
6
eia-ejc 3
daj-ejc 3
hgb-ejc 3
bcbe-ejc 10
gji-ejc 3
ggd-ejc 10
493
2
iic-ejd 3
ige-ejd 10
494
6
bfj-eje 1
gic-eje 1
ebj-eje 1
cif-eje 1
ege-eje 1
iei-eje 1
495
3
bgb-ejf 1
ecf-ejf 1
bfja-ejf 9
496
4
eb-ejg 4
ghb-ejg 12
chd-ejg 12
feg-ejg 12
497
4
bbi-ejh 1
egb-ejh 1
iaa-ejh 1
idi-ejh 1
498
5
cgh-eji 3
cdd-eji 3
dih-eji 3
hfb-eji 8
d-eji 3
499
2
chf-ejj 9
hif-ejj 4
500
5
dfb-faa 4
deg-faa 4
dhg-faa 4
ice-faa 4
bbba-faa 4
501
2
dbf-fab 2
dda-fab 2
502
5
cbh-fac 4
cbi-fac 4
hdh-fac 4
bbii-fac 11
hbc-fac 4
503
6
dih-fad 3
cfh-fad 3
iej-fad 12
baei-fad 12
bdjg-fad 3
fgd-fad 3
504
4
fej-fae 2
fje-fae 2
baba-fae 8
bdia-fae 8
505
3
ice-faf 4
bcja-faf 4
hid-faf 4
506
5
hcd-fag 3
jif-fag 3
ggd-fag 3
bahb-fag 3
dbf-fag 11
507
2
bjf-fah 1
jbj-fah 1
508
5
bcj-fai 2
eff-fai 2
gdj-fai 2
fdh-fai 2
badj-fai 2
509
6
fgi-faj 1
ghi-faj 1
iii-faj 1
bhe-faj 1
ggb-faj 1
ga-faj 1
510
4
cdi-fba 3
bge-fba 3
dii-fba 3
bbdb-fba 8
511
5
fic-fbb 2
fid-fbb 2
geh-fbb 2
jih-fbb 2
jgi-fbb 2
512
4
eeg-fbc 4
fej-fbc 4
ejh-fbc 4
baag-fbc 4
513
5
bih-fbd 3
eai-fbd 3
hej-fbd 3
ejj-fbd 3
jhc-fbd 3
514
3
fgi-fbe 3
bajc-fbe 3
bceh-fbe 3
515
1
jbh-fbf 8
516
2
edb-fbg 1
dff-fbg 1
517
6
fdh-fbh 1
fgb-fbh 1
hca-fbh 1
ib-fbh 1
bc-fbh 1
bcjg-fbh 1
518
5
cfg-fbi 2
eah-fbi 2
ebf-fbi 2
dcc-fbi 2
bjb-fbi 2
519
6
hb-fbj 2
fdc-fbj 2
fch-fbj 2
ieg-fbj 2
beig-fbj 2
hdc-fbj 10
520
5
dce-fca 2
gaj-fca 2
bcie-fca 2
bccg-fca 2
jib-fca 2
521
5
bhb-fcb 1
fij-fcb 1
h-fcb 1
bcdf-fcb 8
hbb-fcb 8
522
4
gbd-fcc 3
gic-fcc 3
fjh-fcc 3
bfca-fcc 12
523
4
cae-fcd 4
ghf-fcd 4
hib-fcd 4
cba-fcd 11
524
3
gjh-fce 4
gia-fce 4
baec-fce 10
525
7
ejd-fcf 4
ehe-fcf 8
ebi-fcf 4
bff-fcf 4
cgf-fcf 4
baib-fcf 8
cce-fcf 4
526
4
bcah-fcg 2
gcc-fcg 11
bbe-fcg 2
eig-fcg 2
527
8
ecb-fch 11
fcf-fch 2
hfc-fch 2
eae-fch 2
cjb-fch 2
bcee-fch 2
beaj-fch 2
bfgh-fch 2
528
8
fhg-fci 1
bjf-fci 1
iba-fci 9
dfd-fci 1
dei-fci 1
iei-fci 1
dfh-fci 1
bbea-fci 1
529
6
egd-fcj 1
ffb-fcj 1
ghc-fcj 1
fcg-fcj 1
hge-fcj 1
heb-fcj 1
530
6
bhj-fda 1
edf-fda 1
gca-fda 1
bhi-fda 9
cfd-fda 1
bbbd-fda 1
531
5
ccf-fdb 4
ffg-fdb 4
eha-fdb 11
bcga-fdb 4
def-fdb 11
532
6
dad-fdc 1
cif-fdc 1
eg-fdc 1
bbjb-fdc 1
dhh-fdc 1
bahi-fdc 9
533
9
bei-fdd 2
baei-fdd 10
baif-fdd 2
edd-fdd 10
dfb-fdd 2
hid-fdd 2
eaf-fdd 2
bfha-fdd 10
bfie-fdd 2
534
3
egb-fde 3
fih-fde 3
jj-fde 3
535
6
fbj-fdf 4
cgg-fdf 4
gdc-fdf 9
bade-fdf 4
fdg-fdf 4
ibe-fdf 9
536
5
bhi-fdg 2
gje-fdg 2
gbh-fdg 2
bach-fdg 9
bdhg-fdg 2
537
7
cjd-fdh 1
ffa-fdh 1
hjd-fdh 1
deb-fdh 11
cdc-fdh 1
bcjh-fdh 1
gf-fdh 1
538
2
bh-fdi 1
jii-fdi 1
539
2
hbh-fdj 3
bdfh-fdj 8
540
5
caf-fea 4
bbia-fea 4
bceb-fea 4
bdcd-fea 12
ee-fea 4
541
6
ieb-feb 12
hgh-feb 1
ibd-feb 12
ih-feb 1
dfh-feb 12
cid-feb 1
542
3
ffe-fec 4
bfcg-fec 11
bfij-fec 11
543
5
eac-fed 4
fdh-fed 4
bbhb-fed 4
fjd-fed 4
hdi-fed 4
544
5
fff-fee 2
be-fee 2
ihf-fee 2
bbaa-fee 10
ecb-fee 2
545
5
dfe-fef 2
bbfh-fef 10
bdad-fef 2
je-fef 10
bfdg-fef 10
546
6
bd-feg 4
ihh-feg 4
bi-feg 4
ijc-feg 4
hgh-feg 8
bcgj-feg 4
547
5
bch-feh 1
bbdc-feh 1
hei-feh 1
chc-feh 1
djg-feh 1
548
6
fbi-fei 4
dbc-fei 4
ffc-fei 4
eeg-fei 11
bcgi-fei 4
begd-fei 11
549
4
eji-fej 4
gcg-fej 4
hhe-fej 4
dfe-fej 4
550
5
df-ffa 1
dce-ffa 1
gch-ffa 1
idb-ffa 11
bfef-ffa 11
551
7
dab-ffb 11
cbd-ffb 4
gda-ffb 4
ica-ffb 4
i-ffb 4
jfe-ffb 4
cfd-ffb 4
552
4
bdj-ffc 2
ejg-ffc 2
bgc-ffc 2
hbb-ffc 9
553
3
jaf-ffd 1
dij-ffd 9
eia-ffd 1
554
2
baba-ffe 4
hdc-ffe 4
555
7
edi-fff 3
chc-fff 3
fgj-fff 3
jbf-fff 3
baae-fff 8
baj-fff 8
hfd-fff 3
556
1
ffi-ffg 3
557
2
fja-ffh 3
e-ffh 11
558
5
fed-ffi 2
gaj-ffi 2
bcdd-ffi 2
cif-ffi 2
cdj-ffi 2
559
4
dfd-ffj 4
gih-ffj 4
gfi-ffj 12
baid-ffj 4
560
8
cie-fga 4
gei-fga 4
eae-fga 4
igi-fga 4
bdib-fga 4
ceb-fga 4
bbhg-fga 4
bhe-fga 10
561
3
eei-fgb 3
gff-fgb 11
dba-fgb 3
562
5
dbd-fgc 2
cjb-fgc 2
jad-fgc 2
dgd-fgc 2
bagf-fgc 12
563
6
dij-fgd 2
bie-fgd 2
ffa-fgd 2
fb-fgd 2
bfff-fgd 2
bfic-fgd 2
564
2
gjf-fge 9
ibf-fge 1
565
2
def-fgf 4
ha-fgf 4
566
2
bih-fgg 2
ice-fgg 2
567
3
dbh-fgh 2
jcf-fgh 12
jjf-fgh 12
568
4
eeh-fgi 4
bcbi-fgi 4
hjf-fgi 4
dfg-fgi 9
569
4
egh-fgj 4
bdc-fgj 4
gbh-fgj 4
ghj-fgj 9
570
3
bfi-fha 1
fhc-fha 10
bfig-fha 1
571
6
feb-fhb 3
hfe-fhb 3
bajf-fhb 3
beaa-fhb 3
bfcb-fhb 8
beeb-fhb 8
572
6
cba-fhc 1
bbi-fhc 1
hch-fhc 1
bfed-fhc 8
ijj-fhc 1
bgea-fhc 8
573
4
dgi-fhd 2
dea-fhd 2
cih-fhd 2
hic-fhd 2
574
5
dic-fhe 4
ebh-fhe 8
gge-fhe 4
hci-fhe 4
jbe-fhe 4
575
2
gad-fhf 2
ffb-fhf 2
576
4
da-fhg 3
fjc-fhg 3
jbb-fhg 3
bbfh-fhg 3
577
1
cba-fhh 3
578
4
bja-fhi 8
idd-fhi 1
jcb-fhi 8
bcgj-fhi 8
579
5
ii-fhj 3
fgf-fhj 3
gaj-fhj 3
fag-fhj 3
bgde-fhj 3
580
4
cdd-fia 2
bb-fia 2
gcc-fia 11
hga-fia 2
581
3
fgb-fib 12
gjb-fib 1
bag-fib 1
582
6
cif-fic 3
ifh-fic 3
ijd-fic 3
cea-fic 10
hgg-fic 3
bgaj-fic 10
583
6
fh-fid 2
cdd-fid 2
hh-fid 9
bbaa-fid 9
cih-fid 9
gif-fid 2
584
3
efe-fie 2
ffb-fie 2
bccf-fie 11
585
4
bbc-fif 3
ibj-fif 3
bfcg-fif 3
gge-fif 8
586
6
bjc-fig 1
gfa-fig 1
eib-fig 9
dec-fig 1
ejg-fig 1
bfj-fig 1
587
3
ed-fih 4
id-fih 4
bcc-fih 4
588
4
haf-fii 2
bagb-fii 2
gde-fii 2
bcfh-fii 2
589
3
fdf-fij 2
ebj-fij 2
bdfi-fij 2
590
3
cih-fja 2
bhf-fja 2
edj-fja 9
591
9
egg-fjb 3
gcg-fjb 3
cij-fjb 3
hc-fjb 3
caa-fjb 12
hae-fjb 12
cja-fjb 3
gef-fjb 12
bggb-fjb 3
592
5
dbg-fjc 3
baee-fjc 3
bcff-fjc 3
cie-fjc 9
hdf-fjc 3
593
2
ecc-fjd 2
cif-fjd 2
594
4
fba-fje 2
hdj-fje 2
hci-fje 2
bbac-fje 2
595
3
fhc-fjf 1
jhf-fjf 1
bahg-fjf 1
596
2
bhg-fjg 1
bcfe-fjg 1
597
6
fdf-fjh 3
ei-fjh 3
babb-fjh 3
ddd-fjh 3
baij-fjh 12
g-fjh 3
598
9
ejc-fji 3
ehf-fji 3
hh-fji 3
bgb-fji 3
iga-fji 3
cdf-fji 3
jbi-fji 3
bddi-fji 3
fij-fji 3
599
3
ddi-fjj 1
bbg-fjj 1
gj-fjj 1
600
4
gie-gaa 1
gjf-gaa 1
gbb-gaa 11
bacj-gaa 11
601
3
ca-gab 4
ejg-gab 4
gdh-gab 12
602
1
cca-gac 1
603
6
bf-gad 4
cdf-gad 4
bjc-gad 4
hij-gad 8
jjh-gad 4
bdfe-gad 8
604
7
ceb-gae 2
bd-gae 2
jci-gae 2
hca-gae 2
bfi-gae 2
eig-gae 2
ghc-gae 2
605
1
bjh-gaf 4
606
5
dgc-gag 3
dff-gag 3
jij-gag 3
bahg-gag 3
bcba-gag 3
607
5
cjc-gah 2
fac-gah 2
cdd-gah 2
iaf-gah 9
ici-gah 2
608
2
daa-gai 3
gff-gai 3
609
4
ccf-gaj 4
di-gaj 9
iae-gaj 4
bcde-gaj 9
610
5
gcb-gba 1
hgc-gba 1
bbge-gba 9
fdi-gba 1
bbib-gba 9
611
6
eja-gbb 3
efh-gbb 3
cgb-gbb 3
dhf-gbb 3
becb-gbb 3
bfjj-gbb 3
612
6
bbh-gbc 3
ga-gbc 3
baab-gbc 12
bej-gbc 3
bbhc-gbc 3
hb-gbc 3
613
4
gca-gbd 3
fcb-gbd 8
cg-gbd 3
bbcd-gbd 3
614
1
bgfd-gbe 12
615
4
fgd-gbf 3
bbeh-gbf 3
ccj-gbf 3
bdcf-gbf 3
616
4
dga-gbg 1
hhb-gbg 1
bbcb-gbg 11
dhh-gbg 11
617
3
dje-gbh 2
ejj-gbh 2
ff-gbh 2
618
7
ej-gbi 4
dbi-gbi 4
ifc-gbi 12
bacg-gbi 4
cfd-gbi 4
dib-gbi 4
bbeh-gbi 4
619
4
gch-gbj 1
eaa-gbj 1
jej-gbj 1
bbfi-gbj 9
620
7
ddd-gca 4
gfd-gca 4
hbg-gca 4
iid-gca 4
haj-gca 4
jig-gca 4
bbfc-gca 4
621
6
cab-gcb 3
bch-gcb 3
bafh-gcb 3
jca-gcb 3
bbbb-gcb 3
bfbd-gcb 12
622
8
iie-gcc 1
baad-gcc 1
gaj-gcc 1
baee-gcc 1
bbii-gcc 1
ejb-gcc 1
bafc-gcc 1
cdh-gcc 8
623
4
ja-gcd 4
egf-gcd 4
bbjd-gcd 4
bgbi-gcd 4
624
3
fai-gce 1
dhb-gce 1
bdfi-gce 1
625
3
daf-gcf 2
cgj-gcf 2
baii-gcf 2
626
4
chg-gcg 1
hgd-gcg 1
cce-gcg 1
ijg-gcg 12
627
5
eja-gch 1
cih-gch 1
ffb-gch 1
fjh-gch 1
bdc-gch 11
628
6
fdc-gci 4
gid-gci 4
bga-gci 4
ghh-gci 4
cea-gci 8
igb-gci 8
629
2
ebb-gcj 8
ged-gcj 3
630
2
bdcf-gda 4
ihh-gda 11
631
4
bdci-gdb 2
cb-gdb 2
bbg-gdb 2
eah-gdb 12
632
5
gbe-gdc 2
ifc-gdc 2
igj-gdc 2
babf-gdc 2
cah-gdc 2
633
4
dgb-gdd 2
hfi-gdd 2
efh-gdd 2
bcag-gdd 2
634
5
gah-gde 1
hed-gde 1
gba-gde 1
baeb-gde 8
cdd-gde 1
635
4
bhc-gdf 3
gfe-gdf 11
hjh-gdf 3
bchf-gdf 11
636
5
db-gdg 2
gfd-gdg 2
hag-gdg 8
bddj-gdg 8
bajh-gdg 2
637
4
if-gdh 4
iih-gdh 4
bdfd-gdh 4
jci-gdh 12
638
1
jcc-gdi 2
639
3
gjg-gdj 3
cei-gdj 3
dib-gdj 3
640
5
eaa-gea 9
jh-gea 3
edi-gea 3
cda-gea 3
dea-gea 3
641
5
eff-geb 3
fcb-geb 3
hfa-geb 3
hhd-geb 10
begg-geb 3
642
2
ffc-gec 3
ihd-gec 3
643
1
bdbj-ged 4
644
1
dda-gee 3
645
4
gij-gef 1
gfh-gef 1
dfi-gef 8
bdgj-gef 1
646
4
baaa-geg 4
cie-geg 4
bfcj-geg 10
gaj-geg 4
647
4
gah-geh 4
iai-geh 4
bjh-geh 4
jg-geh 10
648
4
iba-gei 8
daf-gei 8
eeb-gei 4
ffa-gei 4
649
5
bge-gej 2
gda-gej 2
hgi-gej 9
fec-gej 9
cab-gej 2
650
2
hbc-gfa 3
bgeg-gfa 11
651
4
g-gfb 4
jhj-gfb 12
gfj-gfb 4
bcbi-gfb 4
652
4
bcb-gfc 2
ccf-gfc 2
baha-gfc 2
bche-gfc 2
653
3
gch-gfd 2
hjb-gfd 2
bdbg-gfd 12
654
3
bif-gfe 12
hfa-gfe 3
baci-gfe 12
655
7
ehe-gff 9
bga-gff 1
egf-gff 1
jbi-gff 1
eci-gff 1
idi-gff 9
hh-gff 1
656
4
cef-gfg 2
chc-gfg 2
jaj-gfg 2
bahh-gfg 2
657
4
bi-gfh 3
ffb-gfh 3
iga-gfh 3
jaj-gfh 3
658
5
ech-gfi 4
ghc-gfi 4
jeh-gfi 4
becd-gfi 11
dbd-gfi 4
659
1
bdba-gfj 8
660
3
bhe-gga 2
hhe-gga 2
gbc-gga 2
661
4
bee-ggb 1
eae-ggb 1
igf-ggb 1
bej-ggb 1
662
2
id-ggc 4
bgae-ggc 4
663
4
djj-ggd 4
igd-ggd 4
cjh-ggd 4
jhh-ggd 4
664
9
eeb-gge 2
ehc-gge 2
gaj-gge 2
bdc-gge 2
beg-gge 2
beai-gge 2
ifg-gge 2
efd-gge 8
bfid-gge 2
665
5
feh-ggf 1
ibj-ggf 1
jfj-ggf 8
bcdj-ggf 1
hab-ggf 1
666
4
caf-ggg 3
bih-ggg 3
die-ggg 3
dij-ggg 9
667
1
cab-ggh 2
668
3
cbc-ggi 1
cgh-ggi 12
bfc-ggi 1
669
0
670
4
gdh-gha 4
ifc-gha 12
gii-gha 4
bfgj-gha 4
671
6
ccg-ghb 2
bbff-ghb 2
bbfg-ghb 12
idb-ghb 2
bgef-ghb 2
bgae-ghb 12
672
8
efi-ghc 2
fhi-ghc 8
fea-ghc 2
cib-ghc 8
jjf-ghc 2
begg-ghc 2
beid-ghc 8
bch-ghc 2
673
3
did-ghd 3
egj-ghd 8
bae-ghd 3
674
3
cji-ghe 2
ccb-ghe 2
ggg-ghe 2
675
1
ggb-ghf 8
676
4
fhb-ghg 3
dhh-ghg 3
cej-ghg 3
fdj-ghg 3
677
3
bacj-ghh 2
fdi-ghh 2
cbc-ghh 2
678
4
bge-ghi 4
cic-ghi 4
daf-ghi 8
hai-ghi 4
679
5
eig-ghj 3
fcd-ghj 3
fdb-ghj 3
hec-ghj 11
bcbc-ghj 11
680
4
ccg-gia 2
ied-gia 2
hbf-gia 2
egg-gia 2
681
3
ehj-gib 3
cic-gib 3
bbhf-gib 9
682
5
fed-gic 1
gge-gic 1
bjc-gic 1
bbga-gic 1
dhi-gic 12
683
2
ddg-gid 1
cjj-gid 12
684
3
iih-gie 9
ihe-gie 2
ici-gie 2
685
5
gdf-gif 1
jea-gif 9
bcdi-gif 9
bcig-gif 9
hge-gif 9
686
4
cec-gig 4
bbe-gig 4
gj-gig 4
ijf-gig 4
687
5
fic-gih 4
baai-gih 4
die-gih 4
bbfb-gih 4
badc-gih 10
688
3
cgf-gii 3
ib-gii 3
baab-gii 3
689
5
bei-gij 9
fgh-gij 2
ibd-gij 9
ehf-gij 2
ehh-gij 9
690
2
ecd-gja 2
bajc-gja 2
691
1
ebc-gjb 1
692
5
hg-gjc 3
ca-gjc 3
hji-gjc 9
gbe-gjc 9
behb-gjc 9
693
1
gad-gjd 4
694
4
b-gje 3
eca-gje 3
bhc-gje 11
bbdf-gje 3
695
3
dig-gjf 9
hdh-gjf 9
ieg-gjf 9
696
6
dci-gjg 2
bbic-gjg 8
egg-gjg 8
bdda-gjg 2
behg-gjg 8
bfb-gjg 2
697
3
cje-gjh 1
dfd-gjh 1
cbg-gjh 9
698
2
ghe-gji 1
bbgf-gji 1
699
4
cg-gjj 3
fbi-gjj 3
hhe-gjj 3
iii-gjj 10
700
4
bjj-haa 3
dg-haa 3
dbe-haa 3
bcea-haa 11
701
3
gc-hab 3
fij-hab 3
bcfg-hab 3
702
4
gid-hac 1
gdb-hac 1
eif-hac 1
bcbg-hac 1
703
1
iec-had 1
704
6
fac-hae 4
ije-hae 4
idb-hae 4
chi-hae 12
bbic-hae 12
hea-hae 12
705
5
gic-haf 4
bbcd-haf 4
jji-haf 4
jda-haf 10
cdd-haf 4
706
6
dfg-hag 3
dic-hag 3
hje-hag 8
bcgb-hag 8
beje-hag 3
ecj-hag 3
707
4
dcd-hah 1
ghg-hah 1
efj-hah 8
fda-hah 8
708
3
bfh-hai 2
hfh-hai 2
bce-hai 2
709
1
bdjj-haj 10
710
3
gee-hba 3
bega-hba 3
bdbi-hba 9
711
4
eee-hbb 2
cfb-hbb 2
cgj-hbb 2
fac-hbb 2
712
3
ffc-hbc 3
jdg-hbc 3
bdif-hbc 3
713
6
eij-hbd 2
iah-hbd 2
jjf-hbd 2
bei-hbd 2
bcbd-hbd 2
bdff-hbd 10
714
3
fji-hbe 10
edh-hbe 2
fc-hbe 10
715
3
fcf-hbf 8
dga-hbf 2
jf-hbf 2
716
5
gde-hbg 12
ife-hbg 12
egh-hbg 12
jh-hbg 2
bdjf-hbg 2
717
4
dbj-hbh 2
ifg-hbh 2
babe-hbh 9
ci-hbh 9
718
2
egd-hbi 1
jfh-hbi 1
719
2
jge-hbj 9
bedf-hbj 9
720
7
g-hca 2
hcf-hca 2
ejj-hca 2
cib-hca 9
jid-hca 2
ead-hca 2
ibe-hca 2
721
5
cha-hcb 2
jba-hcb 2
bahd-hcb 9
bdfa-hcb 9
ffe-hcb 2
722
2
cie-hcc 3
iee-hcc 3
723
5
hhf-hcd 1
bgi-hcd 9
jee-hcd 9
ghf-hcd 1
bdhb-hcd 1
724
7
gfj-hce 4
eab-hce 4
bde-hce 4
dha-hce 4
beaf-hce 9
ejf-hce 4
bchf-hce 4
725
5
cih-hcf 4
b-hcf 9
hhc-hcf 4
gad-hcf 9
bbae-hcf 9
726
4
ja-hcg 2
jjg-hcg 2
ibf-hcg 11
baed-hcg 11
727
4
fci-hch 4
jcb-hch 4
gdg-hch 4
ghe-hch 4
728
5
geh-hci 4
baef-hci 4
bdff-hci 4
fbf-hci 4
ggi-hci 4
729
6
eec-hcj 2
hdb-hcj 2
ejb-hcj 2
bbbg-hcj 2
jd-hcj 2
bbgd-hcj 9
730
5
eda-hda 2
ffb-hda 9
ea-hda 2
dec-hda 9
idc-hda 2
731
4
fei-hdb 2
jh-hdb 2
bejg-hdb 9
bfhg-hdb 9
732
6
cbi-hdc 4
jbf-hdc 4
cej-hdc 4
bdac-hdc 11
gig-hdc 4
befb-hdc 11
733
4
ejb-hdd 2
bdg-hdd 8
cih-hdd 2
bcf-hdd 2
734
3
gdj-hde 1
bbjf-hde 9
jfh-hde 9
735
5
fad-hdf 2
gbh-hdf 2
bbha-hdf 10
dci-hdf 2
bcfg-hdf 2
736
3
eba-hdg 1
fjc-hdg 8
dac-hdg 1
737
3
fec-hdh 10
ihb-hdh 3
baga-hdh 3
738
3
bic-hdi 4
iae-hdi 4
beah-hdi 10
739
4
bci-hdj 1
eci-hdj 1
haa-hdj 1
jbj-hdj 1
740
8
fdf-hea 1
jjg-hea 1
jb-hea 1
djb-hea 1
bdfd-hea 1
cb-hea 1
befg-hea 12
bcji-hea 1
741
2
fab-heb 2
icg-heb 2
742
4
fai-hec 1
bdhc-hec 9
bdda-hec 1
bfjg-hec 1
743
3
ffe-hed 4
bcbg-hed 10
bfei-hed 4
744
3
gbf-hee 3
ijb-hee 3
bfhd-hee 8
745
5
beg-hef 1
bge-hef 1
gha-hef 1
bjd-hef 11
bfch-hef 11
746
3
ceb-heg 3
bcdd-heg 3
fid-heg 3
747
4
hii-heh 1
ggc-heh 1
ed-heh 1
dcb-heh 1
748
3
ie-hei 1
fad-hei 1
if-hei 1
749
4
gcc-hej 4
cec-hej 4
ccd-hej 4
bgbd-hej 4
750
5
dgc-hfa 1
jga-hfa 1
jhg-hfa 1
bdi-hfa 1
befe-hfa 1
751
5
egc-hfb 2
icd-hfb 2
gc-hfb 2
beh-hfb 2
bff-hfb 2
752
3
gab-hfc 1
gjh-hfc 9
bcdc-hfc 1
753
4
ddc-hfd 3
bad-hfd 3
bcec-hfd 3
eih-hfd 3
754
4
dfb-hfe 3
gac-hfe 3
bahd-hfe 12
ejg-hfe 3
755
3
hge-hff 2
bacc-hff 2
bbci-hff 2
756
3
gfd-hfg 4
ij-hfg 4
bbac-hfg 8
757
5
eci-hfh 1
ihf-hfh 1
ede-hfh 10
ibb-hfh 1
bbaj-hfh 1
758
3
heb-hfi 3
eci-hfi 12
beih-hfi 12
759
3
gaa-hfj 2
jfc-hfj 2
bfhi-hfj 12
760
2
fdb-hga 2
bbg-hga 8
761
6
iaj-hgb 4
bdf-hgb 4
gcc-hgb 4
dfj-hgb 4
hfc-hgb 8
bccd-hgb 4
762
4
dej-hgc 2
hje-hgc 12
fea-hgc 2
fia-hgc 12
763
2
bbfa-hgd 1
bedb-hgd 1
764
3
efg-hge 10
jdc-hge 1
beff-hge 10
765
4
bci-hgf 3
fea-hgf 3
icd-hgf 3
bafe-hgf 10
766
3
ddc-hgg 1
baib-hgg 1
ehf-hgg 1
767
2
deg-hgh 4
dej-hgh 12
768
4
hah-hgi 2
baai-hgi 2
cdb-hgi 10
baja-hgi 10
769
1
bbjj-hgj 2
770
6
ii-hha 4
ihj-hha 11
hdd-hha 11
bi-hha 4
baad-hha 11
dag-hha 4
771
5
fj-hhb 3
dfa-hhb 10
bbaa-hhb 10
bbaj-hhb 3
gfa-hhb 3
772
3
fhc-hhc 2
eia-hhc 2
beff-hhc 8
773
4
ch-hhd 2
gaa-hhd 12
bdec-hhd 2
bbd-hhd 2
774
5
gja-hhe 2
fcd-hhe 2
dji-hhe 2
eff-hhe 8
bdfa-hhe 2
775
4
ed-hhf 2
dag-hhf 2
bafj-hhf 10
bcf-hhf 2
776
4
bcd-hhg 2
hbb-hhg 2
ga-hhg 2
dgd-hhg 9
777
2
ebd-hhh 2
haa-hhh 2
778
2
dcj-hhi 2
bdci-hhi 10
779
7
beb-hhj 12
idc-hhj 1
hie-hhj 1
cbg-hhj 1
chi-hhj 1
jec-hhj 1
bfag-hhj 12
780
3
dbf-hia 4
bbie-hia 4
jdd-hia 12
781
3
ccc-hib 3
bbi-hib 10
bbfb-hib 3
782
4
chh-hic 4
dhd-hic 9
dcc-hic 9
bgcf-hic 9
783
1
bgdg-hid 9
784
2
bjg-hie 4
bgbb-hie 4
785
3
fje-hif 1
cii-hif 1
ggc-hif 1
786
3
gb-hig 3
fig-hig 12
che-hig 3
787
5
eii-hih 4
iaf-hih 4
ddh-hih 10
bfg-hih 4
bdbe-hih 4
788
4
fej-hii 3
djb-hii 3
jaj-hii 11
cgi-hii 11
789
6
fj-hij 4
hag-hij 4
dif-hij 12
bbbd-hij 4
jff-hij 4
bji-hij 12
790
2
fae-hja 4
gbd-hja 4
791
3
cfh-hjb 9
bde-hjb 1
cbb-hjb 1
792
7
hcc-hjc 3
edj-hjc 3
ifd-hjc 3
gaj-hjc 3
bbfi-hjc 11
bfhe-hjc 11
hbi-hjc 3
793
2
fef-hjd 8
bbd-hjd 4
794
2
fgj-hje 8
bdja-hje 8
795
3
gid-hjf 2
edj-hjf 8
beji-hjf 8
796
7
cfa-hjg 1
gci-hjg 1
eda-hjg 1
igd-hjg 1
jgg-hjg 1
gdj-hjg 1
jdh-hjg 1
797
2
caj-hjh 1
bcg-hjh 1
798
3
bba-hji 4
iac-hji 4
hfj-hji 10
799
7
bgc-hjj 3
fe-hjj 3
bace-hjj 3
fgd-hjj 12
gah-hjj 12
beea-hjj 3
cjf-hjj 3
800
6
cij-iaa 2
deb-iaa 2
eef-iaa 2
jcg-iaa 9
ead-iaa 2
dhc-iaa 9
801
3
cdh-iab 3
ech-iab 10
bdbh-iab 3
802
3
eic-iac 3
hbi-iac 3
hia-iac 3
803
5
cba-iad 2
d-iad 2
jcd-iad 2
cgd-iad 12
dd-iad 2
804
5
cib-iae 3
bcd-iae 3
cdf-iae 12
cjg-iae 3
fjd-iae 3
805
4
ejf-iaf 3
gjf-iaf 8
jd-iaf 3
ecj-iaf 3
806
4
bage-iag 10
ihd-iag 3
ejg-iag 3
begg-iag 3
807
2
fei-iah 2
dad-iah 2
808
4
jh-iai 1
gf-iai 1
beja-iai 1
dje-iai 9
809
3
gbh-iaj 1
gci-iaj 1
bddg-iaj 9
810
5
bcb-iba 12
bafb-iba 12
bbba-iba 12
bbbj-iba 2
ejb-iba 2
811
2
iha-ibb 12
bead-ibb 2
812
2
egb-ibc 1
bbgf-ibc 11
813
2
bdhd-ibd 11
bgcj-ibd 11
814
3
fba-ibe 10
jbe-ibe 3
bbcc-ibe 10
815
3
dje-ibf 4
dih-ibf 4
bffh-ibf 4
816
4
efj-ibg 1
ceb-ibg 1
fhg-ibg 1
bafg-ibg 1
817
3
eja-ibh 11
bahj-ibh 11
babb-ibh 11
818
5
fii-ibi 1
gi-ibi 1
bjc-ibi 1
jib-ibi 1
fdi-ibi 8
819
4
hae-ibj 12
bbdb-ibj 4
bbcd-ibj 12
dfd-ibj 12
820
5
jde-ica 2
bcfh-ica 2
becf-ica 12
edc-ica 2
dgi-ica 2
821
3
fhj-icb 3
fib-icb 3
hfi-icb 10
822
2
fdh-icc 1
edb-icc 1
823
5
hj-icd 8
jaa-icd 1
eig-icd 1
hcd-icd 8
jaj-icd 8
824
3
hgi-ice 4
jfh-ice 9
ehd-ice 9
825
4
cih-icf 1
dbb-icf 1
bcha-icf 1
fce-icf 8
826
3
bjj-icg 9
gcg-icg 4
bcdi-icg 9
827
2
djd-ich 4
beei-ich 4
828
3
dfa-ici 4
cj-ici 4
jc-ici 10
829
2
hbe-icj 4
jie-icj 4
830
5
hee-ida 2
jbh-ida 2
bhf-ida 2
ehj-ida 2
bcfd-ida 9
831
7
fce-idb 9
jcb-idb 4
cdh-idb 4
bach-idb 4
bfjd-idb 4
cii-idb 4
ghi-idb 4
832
3
gjg-idc 12
djj-idc 1
iij-idc 1
833
4
fj-idd 2
bbah-idd 11
fih-idd 2
bfda-idd 11
834
1
fgc-ide 2
835
5
dh-idf 8
jhi-idf 2
efa-idf 8
dii-idf 8
bajg-idf 2
836
4
ic-idg 3
bfi-idg 3
bagf-idg 3
dhd-idg 10
837
3
bad-idh 1
gdg-idh 1
hhg-idh 1
838
5
hhc-idi 3
ech-idi 9
baeh-idi 3
bbdd-idi 3
bgfa-idi 9
839
3
bcc-idj 8
bgf-idj 2
fdj-idj 8
840
4
chb-iea 3
eeb-iea 3
bij-iea 3
bebf-iea 9
841
3
fhb-ieb 10
bdaj-ieb 4
bbie-ieb 4
842
5
hfh-iec 4
iff-iec 4
fgf-iec 4
hfg-iec 9
bbca-iec 4
843
4
bbid-ied 8
hhb-ied 8
jac-ied 8
bche-ied 1
844
3
efc-iee 8
baje-iee 2
bdcd-iee 2
845
4
hag-ief 10
bfc-ief 10
ea-ief 1
bbah-ief 10
846
5
ebg-ieg 4
hcd-ieg 4
fjj-ieg 4
idd-ieg 8
ffh-ieg 4
847
4
bjg-ieh 2
bchj-ieh 9
caj-ieh 2
bge-ieh 2
848
6
efg-iei 8
dbf-iei 2
gdf-iei 2
hgi-iei 8
behf-iei 8
bcgb-iei 2
849
2
bdi-iej 2
bbh-iej 9
850
5
hcf-ifa 12
ccc-ifa 12
bbbi-ifa 4
bdbe-ifa 4
bdih-ifa 4
851
3
fgh-ifb 1
dfh-ifb 12
bagh-ifb 1
852
6
cee-ifc 3
ejj-ifc 12
bchg-ifc 12
gfa-ifc 12
fdj-ifc 3
jid-ifc 12
853
4
bah-ifd 4
cf-ifd 10
ijh-ifd 4
bbhd-ifd 10
854
3
dad-ife 11
bbdj-ife 4
hjf-ife 11
855
5
fb-iff 2
bjb-iff 2
jgf-iff 2
cgi-iff 2
efe-iff 10
856
3
jci-ifg 3
be-ifg 9
bgeb-ifg 9
857
4
eif-ifh 3
baga-ifh 3
baai-ifh 3
cid-ifh 3
858
2
bcci-ifi 2
badf-ifi 2
859
1
chb-ifj 3
860
2
gfj-iga 3
ebb-iga 3
861
2
gb-igb 4
cif-igb 10
862
3
eaf-igc 3
gh-igc 3
bcgi-igc 10
863
3
ife-igd 2
ggg-igd 2
hfd-igd 2
864
3
dbi-ige 4
hjc-ige 12
dbj-ige 4
865
1
egi-igf 1
866
1
babd-igg 3
867
1
hag-igh 10
868
3
gag-igi 2
bcbj-igi 2
bbg-igi 2
869
4
gih-igj 1
dde-igj 1
jba-igj 10
bdie-igj 1
870
4
hgf-iha 12
jfa-iha 12
bcdj-iha 12
bbfe-iha 12
871
2
eii-ihb 1
bbcj-ihb 1
872
3
eba-ihc 4
jfd-ihc 4
ehj-ihc 4
873
4
fj-ihd 1
behh-ihd 9
bbdd-ihd 9
bgei-ihd 1
874
3
hdi-ihe 10
hdj-ihe 1
hdg-ihe 10
875
5
eh-ihf 1
ijj-ihf 11
cfb-ihf 1
bbad-ihf 11
bfcc-ihf 1
876
4
gbf-ihg 2
cdj-ihg 2
gij-ihg 10
bcj-ihg 2
877
3
eef-ihh 4
cib-ihh 4
gih-ihh 4
878
5
gjh-ihi 1
jg-ihi 1
hdb-ihi 1
bdgf-ihi 10
bebh-ihi 1
879
2
cef-ihj 9
caf-ihj 9
880
3
fgb-iia 10
hfh-iia 2
fid-iia 10
881
5
id-iib 9
cfb-iib 4
bafa-iib 4
baeb-iib 9
chd-iib 4
882
4
iie-iic 1
fag-iic 9
gfa-iic 1
jje-iic 9
883
4
cej-iid 3
ffa-iid 3
iae-iid 3
bfei-iid 3
884
5
bec-iie 4
jee-iie 9
bgc-iie 4
cbb-iie 4
bejf-iie 4
885
2
hif-iif 8
bbei-iif 3
886
3
hcg-iig 11
hjb-iig 3
ddg-iig 3
887
1
hbj-iih 10
888
1
bbib-iii 8
889
1
baaa-iij 3
890
3
iaa-ija 3
bcfe-ija 3
dbj-ija 3
891
1
ega-ijb 3
892
4
bbf-ijc 1
hg-ijc 1
cgi-ijc 1
bcij-ijc 1
893
3
gdh-ijd 2
beda-ijd 11
hfi-ijd 11
894
4
bef-ije 4
gda-ije 4
bbbj-ije 9
beef-ije 9
895
2
hei-ijf 1
bj-ijf 1
896
2
ig-ijg 1
behi-ijg 8
897
2
hhg-ijh 2
bii-ijh 12
898
1
gd-iji 8
899
2
cff-ijj 10
iaf-ijj 2
900
3
cf-jaa 1
jbg-jaa 1
bbjh-jaa 1
901
3
djh-jab 2
baej-jab 2
gbe-jab 2
902
5
hca-jac 4
ejj-jac 12
ghg-jac 4
ibb-jac 4
bgg-jac 4
903
3
djc-jad 4
bcij-jad 4
dgj-jad 4
904
3
cja-jae 1
ee-jae 1
bbih-jae 9
905
2
bdig-jaf 3
bgd-jaf 3
906
3
cg-jag 2
cbc-jag 2
bdij-jag 2
907
6
cfe-jah 2
fie-jah 11
bajg-jah 2
bchh-jah 11
bcif-jah 2
baia-jah 11
908
5
hah-jai 2
efa-jai 2
gbj-jai 11
bbbg-jai 11
bffi-jai 2
909
2
iic-jaj 9
ebd-jaj 9
910
3
cgd-jba 2
gej-jba 10
bdef-jba 2
911
2
gjc-jbb 4
dhg-jbb 9
912
2
gbg-jbc 8
jca-jbc 8
913
3
dij-jbd 3
bgh-jbd 3
bfad-jbd 3
914
3
fbj-jbe 1
bbig-jbe 1
de-jbe 1
915
5
gfg-jbf 2
jbe-jbf 2
bedi-jbf 9
hai-jbf 2
cc-jbf 2
916
5
igc-jbg 4
bjd-jbg 4
ehd-jbg 8
baie-jbg 8
bdid-jbg 4
917
3
bji-jbh 2
babf-jbh 11
dbd-jbh 11
918
2
hai-jbi 1
bdcc-jbi 12
919
5
ieg-jbj 1
hdc-jbj 1
jhb-jbj 1
ejd-jbj 1
daa-jbj 1
920
4
idf-jca 12
jde-jca 12
jfg-jca 12
fdh-jca 4
921
4
ihh-jcb 3
hhf-jcb 3
gae-jcb 3
faj-jcb 3
922
3
fej-jcc 3
fjg-jcc 3
gfb-jcc 3
923
4
ied-jcd 1
bagh-jcd 1
hgh-jcd 12
jcc-jcd 1
924
1
bafi-jce 2
925
3
igj-jcf 12
djc-jcf 1
ghe-jcf 1
926
3
babe-jcg 3
cfj-jcg 3
ggg-jcg 10
927
1
hhh-jch 1
928
6
hhe-jci 2
fch-jci 2
fb-jci 2
beia-jci 2
bfbf-jci 11
gih-jci 11
929
0
930
3
cjb-jda 4
bgdf-jda 10
bdig-jda 10
931
5
bbaj-jdb 2
jji-jdb 2
cgf-jdb 12
hge-jdb 2
jhc-jdb 2
932
3
hbh-jdc 3
gdh-jdc 3
jc-jdc 3
933
3
dic-jdd 10
dhc-jdd 10
ffh-jdd 4
934
6
bie-jde 2
baad-jde 2
bcjb-jde 2
bdgi-jde 2
bi-jde 8
ha-jde 2
935
0
936
7
ibi-jdg 11
fbf-jdg 4
dhj-jdg 11
gea-jdg 11
bhb-jdg 4
bh-jdg 4
cjh-jdg 4
937
1
ea-jdh 3
938
1
dfb-jdi 2
939
4
ja-jdj 4
eic-jdj 4
jfj-jdj 4
dhb-jdj 4
940
2
ije-jea 12
ef-jea 4
941
1
jad-jeb 2
942
5
ehc-jec 1
bgb-jec 1
dae-jec 1
bdfg-jec 1
badg-jec 1
943
1
djc-jed 1
944
4
ceg-jee 4
ej-jee 4
cfg-jee 8
hjb-jee 8
945
5
beh-jef 4
fad-jef 4
bbfe-jef 4
bbje-jef 9
badj-jef 9
946
2
bbj-jeg 8
baib-jeg 1
947
3
ddj-jeh 3
bafe-jeh 3
bgdb-jeh 3
948
2
eff-jei 4
jja-jei 4
949
3
fgj-jej 3
dch-jej 10
ehb-jej 10
950
4
bhe-jfa 8
iec-jfa 8
chb-jfa 2
fdj-jfa 8
951
3
cge-jfb 2
bbdb-jfb 2
ebb-jfb 2
952
3
cgh-jfc 1
jgb-jfc 12
egb-jfc 1
953
2
fbd-jfd 10
babc-jfd 10
954
4
egf-jfe 3
bcif-jfe 3
bfgb-jfe 12
c-jfe 12
955
3
ee-jff 4
egg-jff 4
bfeb-jff 4
956
4
fic-jfg 2
ghc-jfg 2
bccb-jfg 11
ega-jfg 11
957
5
eij-jfh 1
ddc-jfh 1
fdf-jfh 12
bffj-jfh 12
gfb-jfh 12
958
4
eib-jfi 2
dii-jfi 2
befa-jfi 11
bbj-jfi 11
959
5
bcc-jfj 3
jfa-jfj 3
bcaj-jfj 3
bdhe-jfj 8
eac-jfj 3
960
5
fdf-jga 2
bagg-jga 9
bfab-jga 2
bfcd-jga 9
bfcf-jga 2
961
1
ecd-jgb 8
962
5
ied-jgc 12
babj-jgc 4
bba-jgc 4
cfa-jgc 12
ibd-jgc 12
963
1
ghb-jgd 4
964
5
dda-jge 4
bagf-jge 4
gbf-jge 4
bedj-jge 4
bcgj-jge 8
965
5
fbf-jgf 4
hhj-jgf 4
i-jgf 10
fjd-jgf 4
bhg-jgf 4
966
3
cfd-jgg 3
bajc-jgg 3
heh-jgg 9
967
2
jcb-jgh 3
dfc-jgh 3
968
2
gjf-jgi 3
iae-jgi 9
969
0
970
4
efh-jha 1
jia-jha 9
bea-jha 1
ghd-jha 9
971
1
ejg-jhb 4
972
4
eej-jhc 10
ced-jhc 2
gga-jhc 2
hei-jhc 2
973
2
geb-jhd 1
gba-jhd 12
974
3
jae-jhe 4
jih-jhe 4
bbai-jhe 4
975
4
gid-jhf 3
bajj-jhf 11
fch-jhf 11
behe-jhf 11
976
2
fbi-jhg 1
hde-jhg 12
977
3
gab-jhh 2
gej-jhh 2
bfia-jhh 11
978
3
fca-jhi 4
bagi-jhi 4
bcj-jhi 12
979
1
eei-jhj 9
980
7
hdd-jia 2
baac-jia 10
bje-jia 2
baca-jia 2
bded-jia 10
ecc-jia 2
ddg-jia 2
981
4
bab-jib 1
gda-jib 1
iac-jib 10
bjf-jib 1
982
2
hff-jic 3
igj-jic 3
983
4
jff-jid 1
cag-jid 1
bdgd-jid 1
bgfj-jid 11
984
3
hdb-jie 2
baih-jie 12
cij-jie 2
985
4
hah-jif 11
dge-jif 1
bb-jif 11
bdih-jif 1
986
3
bbe-jig 2
bafi-jig 2
gha-jig 11
987
3
jhi-jih 4
gfi-jih 4
bfa-jih 10
988
4
bjh-jii 1
ihe-jii 1
ddf-jii 11
cei-jii 1
989
2
ge-jij 2
bah-jij 2
990
1
idh-jja 1
991
6
ihg-jjb 2
bdi-jjb 2
jif-jjb 2
hja-jjb 12
ieg-jjb 2
cjc-jjb 2
992
3
jhg-jjc 2
jbg-jjc 2
bcgb-jjc 11
993
1
daj-jjd 4
994
5
hdd-jje 3
badd-jje 3
baig-jje 12
bbcg-jje 12
ej-jje 3
995
2
hja-jjf 10
ccf-jjf 2
996
2
efa-jjg 4
gfc-jjg 4
997
1
geh-jjh 4
998
2
hef-jji 3
j-jji 3
999
3
edg-jjj 8
baea-jjj 8
bcci-jjj 8
1000
1
fgi-baaa 10
1001
5
jeg-baab 1
ifd-baab 1
bbdf-baab 1
bc-baab 1
efi-baab 1
1002
2
hig-baac 4
jbh-baac 12
1003
4
ehj-baad 8
jcd-baad 4
bbbh-baad 8
ceb-baad 8
1004
2
dib-baae 3
eje-baae 9
1005
2
baae-baaf 1
bdej-baaf 1
1006
5
fc-baag 2
cdc-baag 2
jci-baag 12
beja-baag 2
ffj-baag 12
1007
2
baef-baah 2
jab-baah 2
1008
4
dgd-baai 2
bacb-baai 12
baha-baai 12
igj-baai 2
1009
1
ceb-baaj 1
1010
5
dfi-baba 3
haj-baba 3
bbfb-baba 3
ehi-baba 10
jdf-baba 3
1011
3
ggi-babb 4
edh-babb 4
djh-babb 8
1012
5
jga-babc 4
ege-babc 4
beag-babc 12
baif-babc 4
if-babc 4
1013
3
gec-babd 1
bddi-babd 1
dfe-babd 10
1014
4
cjc-babe 2
ebj-babe 8
ije-babe 8
dbj-babe 2
1015
2
ceg-babf 1
begj-babf 12
1016
3
bbdj-babg 2
beba-babg 12
bdhd-babg 12
1017
2
cbg-babh 1
baia-babh 1
1018
3
gd-babi 4
cdb-babi 12
baij-babi 12
1019
3
bbcg-babj 1
fdc-babj 1
bfib-babj 1
1020
1
igh-baca 4
1021
6
jg-bacb 11
heb-bacb 1
jce-bacb 1
jhb-bacb 1
bcje-bacb 1
bgbj-bacb 1
1022
3
feg-bacc 2
hbc-bacc 2
gdb-bacc 9
1023
1
jgf-bacd 2
1024
2
dhb-bace 4
bbcd-bace 4
1025
1
ifd-bacf 2
1026
2
cja-bacg 1
bgdb-bacg 1
1027
3
fdd-bach 2
baag-bach 2
bih-bach 8
1028
2
egi-baci 3
ejc-baci 8
1029
4
ib-bacj 2
bada-bacj 2
iha-bacj 10
ibj-bacj 10
1030
4
bbcf-bada 11
hej-bada 2
gdb-bada 2
ecj-bada 2
1031
3
bdf-badb 2
dcd-badb 2
bddf-badb 11
1032
3
cad-badc 3
hfg-badc 3
ifg-badc 10
1033
3
jc-badd 4
bcac-badd 4
gh-badd 4
1034
1
ega-bade 2
1035
1
fgh-badf 2
1036
2
jhi-badg 4
bbbf-badg 4
1037
2
fhe-badh 2
bbgj-badh 2
1038
2
ghg-badi 3
bbdi-badi 10
1039
4
ff-badj 3
ijj-badj 3
bbhf-badj 3
bjf-badj 10
1040
4
jgg-baea 3
cid-baea 3
he-baea 3
hdd-baea 3
1041
4
iag-baeb 2
fd-baeb 2
bbaf-baeb 2
bdcj-baeb 8
1042
5
jha-baec 9
bcac-baec 4
hbg-baec 9
jaa-baec 4
ccb-baec 4
1043
1
djc-baed 11
1044
1
baeg-baee 10
1045
4
efd-baef 1
bdbf-baef 1
fi-baef 1
gj-baef 1
1046
4
hhd-baeg 1
jdc-baeg 1
baic-baeg 1
bcef-baeg 1
1047
2
dfd-baeh 2
ihg-baeh 2
1048
4
chj-baei 1
bhc-baei 1
bagg-baei 10
bcig-baei 10
1049
4
bbhh-baej 12
hih-baej 3
bdij-baej 3
bdfj-baej 12
1050
5
hgc-bafa 1
babe-bafa 1
jdj-bafa 1
cff-bafa 1
dgj-bafa 10
1051
4
baah-bafb 8
bcji-bafb 4
bbbd-bafb 8
gdg-bafb 8
1052
4
jce-bafc 2
hii-bafc 10
gfg-bafc 2
bbef-bafc 2
1053
2
fei-bafd 1
cfa-bafd 1
1054
3
dhc-bafe 3
fdd-bafe 8
bgf-bafe 3
1055
2
hcj-baff 3
bfif-baff 12
1056
1
fdd-bafg 11
1057
1
jbd-bafh 1
1058
4
bhj-bafi 2
chi-bafi 2
bbgf-bafi 2
bag-bafi 2
1059
3
gfi-bafj 3
bcag-bafj 3
hef-bafj 9
1060
2
ded-baga 2
bbag-baga 10
1061
2
fhb-bagb 12
bcgd-bagb 1
1062
1
gie-bagc 1
1063
3
beg-bagd 4
hgd-bagd 4
ibg-bagd 4
1064
4
jfb-bage 10
babh-bage 4
bbcj-bage 4
jhf-bage 10
1065
2
bgd-bagf 1
bede-bagf 12
1066
5
jid-bagg 3
baie-bagg 3
bbgh-bagg 3
fcb-bagg 9
hgb-bagg 3
1067
6
jbd-bagh 2
ijg-bagh 2
cgf-bagh 10
eab-bagh 2
cde-bagh 2
gje-bagh 2
1068
3
ehh-bagi 3
ggh-bagi 3
bcac-bagi 3
1069
3
jhd-bagj 9
bad-bagj 4
bgj-bagj 4
1070
2
bcgf-baha 12
bgcc-baha 12
1071
2
cgc-bahb 1
bgah-bahb 1
1072
1
hbg-bahc 2
1073
6
efa-bahd 3
dii-bahd 3
bcgf-bahd 3
behd-bahd 9
beij-bahd 9
dbb-bahd 9
1074
1
bcdi-bahe 1
1075
2
bagd-bahf 2
ffi-bahf 2
1076
2
bgc-bahg 2
gjc-bahg 10
1077
4
hea-bahh 10
bahg-bahh 3
bedg-bahh 10
jab-bahh 3
1078
4
hab-bahi 4
ceh-bahi 4
ghc-bahi 12
ia-bahi 4
1079
2
ghi-bahj 4
fbe-bahj 4
1080
3
jif-baia 3
gaf-baia 3
bgg-baia 8
1081
2
iac-baib 2
hih-baib 2
1082
3
babi-baic 2
iaa-baic 2
bcgg-baic 2
1083
2
ib-baid 4
bejd-baid 4
1084
5
iaf-baie 3
bade-baie 3
chg-baie 3
efc-baie 3
bai-baie 3
1085
1
jcb-baif 2
1086
4
edd-baig 3
jgh-baig 3
ihc-baig 3
hif-baig 3
1087
6
gcf-baih 1
bbgd-baih 1
eea-baih 1
bcej-baih 1
becj-baih 8
bcgf-baih 1
1088
2
ffj-baii 3
bbab-baii 11
1089
3
bfh-baij 1
ife-baij 12
bha-baij 12
1090
4
bif-baja 11
cgg-baja 2
bcfj-baja 11
cdh-baja 2
1091
3
ji-bajb 11
bdfg-bajb 1
bafj-bajb 11
1092
3
hih-bajc 4
bbae-bajc 12
dhb-bajc 4
1093
4
hha-bajd 8
hhg-bajd 2
edc-bajd 2
bfjc-bajd 8
1094
4
iej-baje 12
hhe-baje 3
bdab-baje 3
gfi-baje 12
1095
5
eca-bajf 3
jcd-bajf 9
jeb-bajf 3
bbgi-bajf 9
bcje-bajf 3
1096
2
cgf-bajg 4
fi-bajg 4
1097
2
hba-bajh 2
bia-bajh 2
1098
2
baje-baji 12
bhf-baji 3
1099
3
ejh-bajj 2
eci-bajj 11
bajf-bajj 11
1100
3
ghb-bbaa 2
bcfa-bbaa 8
beeg-bbaa 2
1101
2
cde-bbab 4
bbfc-bbab 8
1102
4
dce-bbac 8
iif-bbac 8
fed-bbac 3
bejd-bbac 3
1103
2
bbag-bbad 12
jbh-bbad 12
1104
6
gid-bbae 1
eah-bbae 1
bcfc-bbae 9
hg-bbae 1
gc-bbae 9
bgba-bbae 1
1105
2
eff-bbaf 2
hhg-bbaf 2
1106
1
gff-bbag 8
1107
4
cja-bbah 9
fhe-bbah 1
beci-bbah 1
bfjh-bbah 1
1108
3
bafj-bbai 2
bhj-bbai 2
bdch-bbai 2
1109
1
ich-bbaj 2
1110
5
hde-bbba 1
babb-bbba 1
cgd-bbba 1
hdb-bbba 12
jid-bbba 12
1111
1
hed-bbbb 3
1112
0
1113
4
icb-bbbd 2
baec-bbbd 10
bbh-bbbd 2
bgab-bbbd 10
1114
3
bcc-bbbe 9
bccj-bbbe 9
dhj-bbbe 9
1115
3
gej-bbbf 1
faj-bbbf 1
cef-bbbf 1
1116
3
ief-bbbg 12
baci-bbbg 4
icb-bbbg 12
1117
2
ehg-bbbh 12
bagc-bbbh 4
1118
2
bac-bbbi 12
gee-bbbi 2
1119
3
big-bbbj 10
bahe-bbbj 1
bgdj-bbbj 10
1120
2
bdd-bbca 4
jcc-bbca 4
1121
6
djj-bbcb 10
ccc-bbcb 2
jfd-bbcb 10
fbc-bbcb 2
iee-bbcb 2
hih-bbcb 10
1122
2
hbd-bbcc 10
bgf-bbcc 2
1123
3
baii-bbcd 4
jjd-bbcd 4
gje-bbcd 4
1124
2
iff-bbce 11
gde-bbce 11
1125
2
bbae-bbcf 3
fhc-bbcf 9
1126
3
fcg-bbcg 4
bdid-bbcg 8
ccj-bbcg 4
1127
1
icb-bbch 3
1128
2
bie-bbci 3
babh-bbci 12
1129
2
hee-bbcj 1
bbbb-bbcj 1
1130
3
jde-bbda 10
ehh-bbda 3
bbji-bbda 3
1131
5
bbf-bbdb 4
hjj-bbdb 4
idc-bbdb 9
bfdj-bbdb 9
ifa-bbdb 9
1132
1
jh-bbdc 4
1133
5
fgh-bbdd 1
gid-bbdd 10
bci-bbdd 10
eii-bbdd 1
beb-bbdd 1
1134
1
jif-bbde 10
1135
3
baed-bbdf 1
gbi-bbdf 9
gbc-bbdf 1
1136
3
bhc-bbdg 3
bid-bbdg 3
bgdc-bbdg 11
1137
3
eef-bbdh 2
bcjd-bbdh 10
ghb-bbdh 10
1138
3
baee-bbdi 1
hbh-bbdi 10
bcba-bbdi 1
1139
1
ghi-bbdj 1
1140
3
dfh-bbea 4
cga-bbea 4
df-bbea 10
1141
5
ji-bbeb 2
bbde-bbeb 9
ihd-bbeb 9
bbae-bbeb 9
bffc-bbeb 2
1142
2
cai-bbec 2
bcie-bbec 12
1143
1
jc-bbed 4
1144
2
gcj-bbee 2
bdee-bbee 10
1145
4
badd-bbef 3
fjf-bbef 3
ce-bbef 3
fjb-bbef 10
1146
3
eca-bbeg 1
bcjg-bbeg 8
bgbc-bbeg 1
1147
2
ghj-bbeh 3
eg-bbeh 3
1148
2
gej-bbei 3
eif-bbei 3
1149
3
fci-bbej 9
bcbb-bbej 9
fja-bbej 9
1150
2
jf-bbfa 1
bacc-bbfa 1
1151
5
fgd-bbfb 2
bbgg-bbfb 8
baji-bbfb 8
ghj-bbfb 2
bdah-bbfb 2
1152
2
ibh-bbfc 12
bfej-bbfc 3
1153
4
eaa-bbfd 10
ebc-bbfd 1
bdcj-bbfd 1
bdje-bbfd 1
1154
2
chg-bbfe 1
bbgi-bbfe 11
1155
6
fcc-bbff 11
jig-bbff 1
dbh-bbff 1
ihi-bbff 1
bdjd-bbff 11
hg-bbff 1
1156
4
fea-bbfg 2
eee-bbfg 2
bcjh-bbfg 2
bfee-bbfg 8
1157
3
efd-bbfh 2
gec-bbfh 12
bbjg-bbfh 12
1158
3
bbej-bbfi 10
bace-bbfi 4
bfhb-bbfi 10
1159
4
babh-bbfj 4
cbc-bbfj 9
ifc-bbfj 9
cje-bbfj 4
1160
2
jbc-bbga 12
eji-bbga 1
1161
4
iic-bbgb 1
jff-bbgb 1
hi-bbgb 12
hgd-bbgb 1
1162
1
bafa-bbgc 10
1163
1
bgag-bbgd 8
1164
4
ddd-bbge 2
eb-bbge 11
bbff-bbge 11
ihg-bbge 2
1165
1
fcj-bbgf 3
1166
4
bcde-bbgg 4
bdai-bbgg 8
ca-bbgg 4
gfh-bbgg 4
1167
1
bbei-bbgh 2
1168
4
jab-bbgi 4
bdgi-bbgi 4
bfi-bbgi 4
jgi-bbgi 12
1169
4
bbcj-bbgj 4
hjc-bbgj 4
eah-bbgj 10
bejh-bbgj 10
1170
2
fbe-bbha 9
begi-bbha 9
1171
2
djd-bbhb 2
iec-bbhb 11
1172
3
jdi-bbhc 3
cbh-bbhc 3
bca-bbhc 3
1173
4
ece-bbhd 4
bced-bbhd 10
j-bbhd 10
bdb-bbhd 10
1174
4
fh-bbhe 2
gfe-bbhe 12
bbgb-bbhe 12
id-bbhe 2
1175
3
dia-bbhf 12
baif-bbhf 2
bfec-bbhf 2
1176
0
1177
2
bcjf-bbhh 2
beee-bbhh 10
1178
2
hgi-bbhi 12
bfge-bbhi 3
1179
1
c-bbhj 3
1180
3
ij-bbia 2
ei-bbia 8
edb-bbia 8
1181
1
bdi-bbib 12
1182
2
iab-bbic 8
befc-bbic 3
1183
1
bbdd-bbid 12
1184
3
def-bbie 8
dee-bbie 2
bbhj-bbie 2
1185
2
bij-bbif 1
dcj-bbif 11
1186
1
cig-bbig 3
1187
2
bfd-bbih 3
gc-bbih 8
1188
2
jhc-bbii 2
bfgf-bbii 10
1189
3
beci-bbij 3
bbdf-bbij 8
cdd-bbij 3
1190
2
bacb-bbja 9
fec-bbja 9
1191
2
gje-bbjb 3
ffj-bbjb 3
1192
3
bbha-bbjc 3
bhc-bbjc 3
ii-bbjc 3
1193
1
jig-bbjd 2
1194
1
cbd-bbje 11
1195
4
dji-bbjf 3
fcj-bbjf 3
jbg-bbjf 12
haj-bbjf 12
1196
3
hjb-bbjg 2
bagj-bbjg 8
bbfe-bbjg 8
1197
2
jih-bbjh 3
bcjb-bbjh 10
1198
3
bch-bbji 1
hhi-bbji 10
ijh-bbji 1
1199
1
cig-bbjj 1
1200
2
bbie-bcaa 1
bgb-bcaa 10
1201
4
jjj-bcab 2
dfi-bcab 2
bchi-bcab 2
gce-bcab 2
1202
3
fa-bcac 9
hac-bcac 1
had-bcac 1
1203
3
hcd-bcad 1
bdf-bcad 9
bgcb-bcad 9
1204
2
ibg-bcae 12
bdaj-bcae 4
1205
3
jh-bcaf 3
bbha-bcaf 8
bcda-bcaf 8
1206
2
babb-bcag 8
bgch-bcag 8
1207
1
eed-bcah 8
1208
1
bbcj-bcai 1
1209
1
bbji-bcaj 12
1210
2
ejb-bcba 1
gfc-bcba 1
1211
3
hag-bcbb 4
bdbj-bcbb 10
die-bcbb 10
1212
5
bbai-bcbc 12
bcij-bcbc 1
dbe-bcbc 1
bafj-bcbc 12
ef-bcbc 12
1213
1
baca-bcbd 3
1214
2
gda-bcbe 4
bdd-bcbe 11
1215
2
igc-bcbf 4
bged-bcbf 4
1216
3
iea-bcbg 10
behc-bcbg 4
dbh-bcbg 4
1217
1
bhg-bcbh 3
1218
3
jcf-bcbi 1
jdd-bcbi 1
bfcf-bcbi 1
1219
3
hgc-bcbj 2
bcch-bcbj 2
hjj-bcbj 2
1220
4
fb-bcca 1
bdhj-bcca 1
jfe-bcca 11
behj-bcca 1
1221
3
bcag-bccb 4
egb-bccb 4
cid-bccb 12
1222
1
edj-bccc 3
1223
3
ced-bccd 3
behg-bccd 12
bfed-bccd 12
1224
2
eci-bcce 4
iib-bcce 4
1225
2
bajb-bccf 1
bfhd-bccf 10
1226
2
badf-bccg 1
begg-bccg 11
1227
1
hjg-bcch 1
1228
2
hjd-bcci 8
bcae-bcci 8
1229
6
hci-bccj 4
dci-bccj 4
cfg-bccj 11
bdeb-bccj 4
gbe-bccj 11
bg-bccj 4
1230
3
dh-bcda 12
beii-bcda 2
ijd-bcda 12
1231
3
baci-bcdb 2
bddd-bcdb 2
bbeb-bcdb 8
1232
4
ghb-bcdc 1
bfga-bcdc 1
bcj-bcdc 1
bccd-bcdc 9
1233
3
bbfh-bcdd 9
bagh-bcdd 9
bdid-bcdd 9
1234
5
gic-bcde 2
cba-bcde 2
baji-bcde 2
bcha-bcde 2
beje-bcde 2
1235
1
bbef-bcdf 9
1236
3
jje-bcdg 9
chc-bcdg 9
hjc-bcdg 9
1237
2
faf-bcdh 10
bchf-bcdh 3
1238
3
cfg-bcdi 10
becb-bcdi 4
hee-bcdi 10
1239
1
fdb-bcdj 8
1240
1
becb-bcea 8
1241
2
idj-bceb 3
bfcf-bceb 3
1242
1
dgj-bcec 2
1243
1
bcjd-bced 2
1244
6
gdf-bcee 2
ejh-bcee 2
bdca-bcee 2
bdja-bcee 2
ffd-bcee 2
iai-bcee 2
1245
2
fbj-bcef 11
fbb-bcef 2
1246
1
cca-bceg 4
1247
4
bge-bceh 1
bbdf-bceh 1
bdae-bceh 1
fab-bceh 1
1248
1
bci-bcei 2
1249
3
jfh-bcej 1
ef-bcej 1
gif-bcej 1
1250
2
djh-bcfa 1
jfh-bcfa 10
1251
0
1252
2
jbj-bcfc 3
cig-bcfc 3
1253
3
jeh-bcfd 3
beie-bcfd 3
idg-bcfd 11
1254
1
jh-bcfe 1
1255
4
ddd-bcff 4
hfh-bcff 10
iie-bcff 10
begg-bcff 10
1256
2
fjj-bcfg 4
bcje-bcfg 4
1257
1
egd-bcfh 9
1258
1
ihe-bcfi 11
1259
4
jii-bcfj 4
cig-bcfj 4
bchb-bcfj 11
ibc-bcfj 4
1260
1
ghc-bcga 1
1261
2
eai-bcgb 12
jae-bcgb 12
1262
2
bahc-bcgc 2
beih-bcgc 9
1263
1
gba-bcgd 3
1264
3
baih-bcge 4
bddi-bcge 4
bgh-bcge 4
1265
1
bbga-bcgf 11
1266
2
beej-bcgg 2
bfhf-bcgg 11
1267
2
cbj-bcgh 2
bdjg-bcgh 12
1268
4
bfh-bcgi 1
hce-bcgi 1
bge-bcgi 11
fca-bcgi 11
1269
3
bdbg-bcgj 4
beae-bcgj 9
bfci-bcgj 4
1270
2
dgg-bcha 1
deh-bcha 1
1271
2
hhd-bchb 4
bdfj-bchb 9
1272
2
bdb-bchc 1
cej-bchc 9
1273
2
jbd-bchd 11
bdaf-bchd 11
1274
2
gcd-bche 8
becg-bche 2
1275
2
hdj-bchf 2
bfag-bchf 12
1276
4
hhj-bchg 8
hga-bchg 8
idc-bchg 3
bebi-bchg 8
1277
5
cjb-bchh 3
bcjb-bchh 9
bcjj-bchh 9
bbij-bchh 9
hhi-bchh 9
1278
2
bcdj-bchi 4
ifh-bchi 4
1279
1
jcd-bchj 12
1280
5
hid-bcia 2
hhg-bcia 2
ibc-bcia 2
baid-bcia 2
bgec-bcia 8
1281
4
bdcc-bcib 1
bje-bcib 10
bfgd-bcib 10
dde-bcib 1
1282
0
1283
1
bede-bcid 1
1284
3
bbgh-bcie 1
bebd-bcie 1
eic-bcie 10
1285
2
jhh-bcif 3
bdjb-bcif 3
1286
1
fae-bcig 11
1287
1
cae-bcih 11
1288
3
cga-bcii 4
bafh-bcii 4
jeh-bcii 12
1289
1
ebd-bcij 2
1290
3
ica-bcja 1
hhd-bcja 8
bbfi-bcja 8
1291
2
bcaa-bcjb 8
dba-bcjb 4
1292
2
bbdg-bcjc 4
bbaf-bcjc 4
1293
1
hdf-bcjd 11
1294
1
bbfh-bcje 1
1295
4
dde-bcjf 9
fda-bcjf 2
bdjc-bcjf 9
bedc-bcjf 2
1296
2
jce-bcjg 2
eii-bcjg 2
1297
1
dch-bcjh 2
1298
2
ida-bcji 2
dg-bcji 2
1299
2
fig-bcjj 4
bfgi-bcjj 9
1300
3
eba-bdaa 10
gcj-bdaa 4
edh-bdaa 10
1301
2
iji-bdab 3
bdib-bdab 3
1302
2
gba-bdac 2
cgb-bdac 2
1303
3
dja-bdad 3
ch-bdad 3
jdi-bdad 3
1304
2
bbif-bdae 2
bahi-bdae 11
1305
1
ga-bdaf 8
1306
1
badg-bdag 2
1307
2
ibd-bdah 2
beeg-bdah 2
1308
2
bajh-bdai 3
baij-bdai 10
1309
2
je-bdaj 4
hed-bdaj 12
1310
1
bbch-bdba 11
1311
1
jeh-bdbb 2
1312
1
bcgf-bdbc 2
1313
0
1314
1
hh-bdbe 1
1315
1
hf-bdbf 4
1316
3
hdj-bdbg 9
ddc-bdbg 2
bfii-bdbg 9
1317
1
jhg-bdbh 11
1318
2
dbc-bdbi 3
bfbc-bdbi 3
1319
4
bbci-bdbj 2
jfa-bdbj 10
dhe-bdbj 10
gid-bdbj 10
1320
1
fej-bdca 2
1321
2
cii-bdcb 4
ibj-bdcb 8
1322
2
iig-bdcc 4
bdhf-bdcc 8
1323
2
bbcb-bdcd 1
bdgd-bdcd 9
1324
1
jfc-bdce 10
1325
1
faa-bdcf 12
1326
1
bce-bdcg 10
1327
2
hgc-bdch 10
cac-bdch 10
1328
2
efh-bdci 8
ci-bdci 3
1329
2
feb-bdcj 8
jjc-bdcj 8
1330
2
efh-bdda 1
bebj-bdda 1
1331
1
bbbg-bddb 4
1332
0
1333
2
bcbf-bddd 2
daa-bddd 2
1334
2
jif-bdde 3
bid-bdde 3
1335
3
gig-bddf 3
bbbg-bddf 3
bbcc-bddf 3
1336
1
badj-bddg 3
1337
1
bffa-bddh 2
1338
1
fjg-bddi 4
1339
3
bcaf-bddj 10
bj-bddj 4
bbbe-bddj 10
1340
1
dc-bdea 12
1341
2
jaf-bdeb 4
bdif-bdeb 11
1342
4
ida-bdec 1
cca-bdec 1
bfeg-bdec 1
bfaf-bdec 12
1343
2
bbbi-bded 3
befd-bded 12
1344
3
bcie-bdee 1
gii-bdee 1
cgc-bdee 1
1345
2
hbe-bdef 12
bbeg-bdef 4
1346
3
hdh-bdeg 3
iai-bdeg 3
bgfb-bdeg 3
1347
2
cfc-bdeh 4
ecj-bdeh 4
1348
1
bccd-bdei 9
1349
2
jag-bdej 9
bfaa-bdej 9
1350
3
jjf-bdfa 3
hdb-bdfa 9
bje-bdfa 9
1351
2
icf-bdfb 3
ijg-bdfb 12
1352
1
hdc-bdfc 4
1353
2
bec-bdfd 12
efb-bdfd 12
1354
2
gdf-bdfe 8
bfeg-bdfe 8
1355
1
jga-bdff 11
1356
2
bib-bdfg 2
bdic-bdfg 2
1357
2
bacc-bdfh 8
bege-bdfh 3
1358
2
jcf-bdfi 1
becc-bdfi 9
1359
3
bbjf-bdfj 9
cdf-bdfj 3
hae-bdfj 9
1360
4
ihf-bdga 8
begc-bdga 4
ehh-bdga 4
bafa-bdga 8
1361
3
hig-bdgb 2
fca-bdgb 2
bead-bdgb 8
1362
2
bcbd-bdgc 3
eba-bdgc 8
1363
2
gga-bdgd 4
gbc-bdgd 10
1364
1
baej-bdge 9
1365
3
gdb-bdgf 3
bfbe-bdgf 9
fcc-bdgf 9
1366
1
fbh-bdgg 2
1367
2
ghj-bdgh 8
eea-bdgh 8
1368
2
bdj-bdgi 11
bdjb-bdgi 11
1369
2
hhh-bdgj 1
bgdi-bdgj 1
1370
3
gfj-bdha 2
daj-bdha 2
behi-bdha 2
1371
2
hbh-bdhb 9
haf-bdhb 3
1372
2
jei-bdhc 1
bahg-bdhc 10
1373
2
bcbg-bdhd 12
bae-bdhd 4
1374
4
bagb-bdhe 11
jjj-bdhe 11
baia-bdhe 2
ecc-bdhe 11
1375
2
bcdh-bdhf 1
bfae-bdhf 8
1376
1
efd-bdhg 9
1377
1
bdfd-bdhh 12
1378
3
ihe-bdhi 11
ccf-bdhi 11
hb-bdhi 11
1379
1
iah-bdhj 1
1380
2
jgg-bdia 11
bgff-bdia 11
1381
1
bcfi-bdib 8
1382
1
hhg-bdic 2
1383
1
beh-bdid 9
1384
1
igc-bdie 11
1385
2
fgc-bdif 12
f-bdif 1
1386
2
bajc-bdig 4
bdge-bdig 8
1387
1
ijf-bdih 3
1388
2
cch-bdii 8
fbg-bdii 2
1389
1
fbg-bdij 2
1390
2
bbhb-bdja 12
bdeb-bdja 2
1391
1
bchd-bdjb 12
1392
2
ifh-bdjc 4
bfbb-bdjc 12
1393
1
eca-bdjd 10
1394
3
bacj-bdje 4
cge-bdje 4
bbjb-bdje 4
1395
1
jig-bdjf 8
1396
1
bdef-bdjg 8
1397
2
baj-bdjh 2
bfdf-bdjh 10
1398
2
bej-bdji 1
egb-bdji 12
1399
2
cb-bdjj 3
bccf-bdjj 12
1400
2
bcfj-beaa 1
eeb-beaa 1
1401
2
baai-beab 4
bdde-beab 8
1402
0
1403
2
bib-bead 8
bafg-bead 8
1404
1
bdch-beae 8
1405
1
geb-beaf 2
1406
1
cci-beag 12
1407
3
jie-beah 4
bche-beah 4
bgfc-beah 4
1408
1
ida-beai 10
1409
2
bcea-beaj 4
dea-beaj 10
1410
3
bbf-beba 8
bbcb-beba 8
bfg-beba 2
1411
1
bgf-bebb 4
1412
1
bbah-bebc 4
1413
2
babc-bebd 3
bejj-bebd 3
1414
1
bccd-bebe 9
1415
2
bbfj-bebf 11
ghb-bebf 4
1416
1
idj-bebg 2
1417
2
bbgc-bebh 3
dag-bebh 3
1418
1
fad-bebi 11
1419
1
bbec-bebj 4
1420
2
ddg-beca 1
jjf-beca 8
1421
3
jed-becb 2
bcg-becb 2
bfbj-becb 9
1422
2
bcc-becc 3
haf-becc 8
1423
2
fba-becd 12
bbii-becd 12
1424
1
fii-bece 3
1425
2
hce-becf 4
fed-becf 4
1426
1
bagi-becg 1
1427
1
dfj-bech 2
1428
1
bbgj-beci 12
1429
2
bdbi-becj 1
hec-becj 10
1430
3
bc-beda 3
bfhh-beda 8
cbd-beda 8
1431
1
bebd-bedb 3
1432
2
baic-bedc 3
bfaj-bedc 9
1433
1
ceg-bedd 1
1434
2
bbda-bede 9
hf-bede 9
1435
2
ebh-bedf 10
djf-bedf 1
1436
2
gfg-bedg 3
jbg-bedg 12
1437
2
baha-bedh 12
bgai-bedh 12
1438
2
iib-bedi 10
bfba-bedi 2
1439
1
igd-bedj 10
1440
0
1441
2
hcf-beeb 10
bbee-beeb 10
1442
1
jba-beec 2
1443
3
dgj-beed 4
becd-beed 8
bfih-beed 8
1444
2
hhc-beee 11
eff-beee 11
1445
2
hhf-beef 1
icf-beef 11
1446
3
he-beeg 11
bdeb-beeg 11
befc-beeg 2
1447
1
bdgc-beeh 12
1448
1
bdcg-beei 2
1449
1
cge-beej 2
1450
2
cbc-befa 8
ebe-befa 1
1451
1
babd-befb 8
1452
1
bchf-befc 4
1453
3
iia-befd 10
chj-befd 4
dci-befd 4
1454
1
fif-befe 2
1455
2
hc-beff 2
fid-beff 10
1456
1
bah-befg 8
1457
1
heh-befh 4
1458
1
bahf-befi 1
1459
1
bdgc-befj 10
1460
1
gca-bega 4
1461
1
iie-begb 10
1462
2
ghf-begc 4
bgad-begc 4
1463
1
bdgi-begd 8
1464
2
babb-bege 1
bdci-bege 1
1465
1
dfc-begf 3
1466
2
ifb-begg 9
bfai-begg 3
1467
1
eac-begh 4
1468
1
cff-begi 9
1469
2
bbfb-begj 12
eef-begj 1
1470
3
bebd-beha 1
hcj-beha 8
cji-beha 1
1471
1
bfdh-behb 8
1472
1
ifa-behc 2
1473
1
eda-behd 12
1474
3
baja-behe 9
ihd-behe 9
bgaa-behe 9
1475
1
hdf-behf 1
1476
1
iei-behg 8
1477
1
bcgg-behh 11
1478
2
bjh-behi 8
bgde-behi 8
1479
3
dcd-behj 3
ihb-behj 3
dbd-behj 3
1480
1
ffd-beia 1
1481
1
bdaj-beib 3
1482
3
bbb-beic 12
ec-beic 4
dg-beic 12
1483
2
bdje-beid 11
iai-beid 11
1484
1
cgc-beie 2
1485
3
hfb-beif 10
cii-beif 10
gab-beif 10
1486
2
bedd-beig 1
baf-beig 1
1487
2
dcc-beih 9
ijd-beih 9
1488
1
cbe-beii 4
1489
2
che-beij 2
bah-beij 12
1490
1
cid-beja 4
1491
1
bace-bejb 4
1492
0
1493
1
badc-bejd 4
1494
1
baag-beje 1
1495
1
jhi-bejf 9
1496
2
cha-bejg 1
bcag-bejg 11
1497
1
bdaa-bejh 10
1498
2
ifa-beji 2
dcf-beji 9
1499
1
cdg-bejj 4
1500
2
bhf-bfaa 3
ccd-bfaa 3
1501
1
fbi-bfab 2
1502
0
1503
1
jhc-bfad 1
1504
3
ecc-bfae 11
bfah-bfae 11
bai-bfae 2
1505
2
hbb-bfaf 2
bedh-bfaf 12
1506
2
jai-bfag 10
bdad-bfag 10
1507
1
jbf-bfah 9
1508
1
bcaj-bfai 3
1509
1
bcjd-bfaj 1
1510
1
bdgg-bfba 3
1511
1
hda-bfbb 9
1512
1
ijd-bfbc 3
1513
3
fia-bfbd 12
bbjd-bfbd 4
dcg-bfbd 4
1514
1
behh-bfbe 9
1515
2
efe-bfbf 11
bdga-bfbf 11
1516
1
hih-bfbg 10
1517
0
1518
1
jjc-bfbi 3
1519
1
beif-bfbj 9
1520
1
ghc-bfca 12
1521
3
bbba-bfcb 10
gfa-bfcb 10
gaj-bfcb 10
1522
1
gga-bfcc 2
1523
3
ggc-bfcd 3
bdbj-bfcd 9
bcdc-bfcd 9
1524
1
jh-bfce 1
1525
1
bca-bfcf 3
1526
3
cjc-bfcg 10
bfgg-bfcg 10
bgdj-bfcg 10
1527
1
bafe-bfch 9
1528
1
fjb-bfci 12
1529
2
dif-bfcj 11
gh-bfcj 2
1530
2
baai-bfda 12
bgce-bfda 4
1531
1
iih-bfdb 8
1532
1
bfbc-bfdc 2
1533
1
bcgh-bfdd 1
1534
1
jgf-bfde 10
1535
1
ddf-bfdf 1
1536
1
bdfi-bfdg 10
1537
1
bdec-bfdh 11
1538
2
ihc-bfdi 2
fgc-bfdi 2
1539
2
bddd-bfdj 3
dgg-bfdj 3
1540
1
jdg-bfea 2
1541
1
ggf-bfeb 10
1542
2
bdge-bfec 2
edg-bfec 2
1543
2
iia-bfed 12
iea-bfed 12
1544
2
dae-bfee 12
fhi-bfee 12
1545
4
ied-bfef 11
bgaf-bfef 4
faa-bfef 4
bgda-bfef 4
1546
1
dfb-bfeg 11
1547
1
fdc-bfeh 1
1548
1
cbf-bfei 3
1549
1
bdia-bfej 4
1550
1
iab-bffa 4
1551
1
bda-bffb 4
1552
1
iai-bffc 1
1553
1
egi-bffd 2
1554
1
jai-bffe 4
1555
1
becg-bfff 12
1556
1
gci-bffg 8
1557
1
ghi-bffh 11
1558
1
ed-bffi 3
1559
1
eda-bffj 9
1560
2
dcg-bfga 4
bfj-bfga 4
1561
2
beif-bfgb 10
bcfj-bfgb 10
1562
1
bdac-bfgc 2
1563
1
ihj-bfgd 11
1564
1
chj-bfge 4
1565
2
eig-bfgf 4
bgga-bfgf 11
1566
1
ec-bfgg 2
1567
1
bbie-bfgh 2
1568
3
fea-bfgi 12
bgee-bfgi 2
bgej-bfgi 12
1569
0
1570
1
cga-bfha 3
1571
1
bhg-bfhb 8
1572
1
dgd-bfhc 1
1573
1
bdgb-bfhd 11
1574
1
bfi-bfhe 12
1575
2
jjj-bfhf 12
ded-bfhf 12
1576
2
ibi-bfhg 8
bfhi-bfhg 8
1577
1
ibh-bfhh 9
1578
1
ice-bfhi 10
1579
2
gih-bfhj 4
bejj-bfhj 4
1580
1
df-bfia 3
1581
1
bdca-bfib 2
1582
2
igc-bfic 4
bgfg-bfic 4
1583
1
hfa-bfid 2
1584
1
ceh-bfie 1
1585
2
dfi-bfif 9
caa-bfif 4
1586
0
1587
1
cif-bfih 12
1588
2
edc-bfii 3
hjg-bfii 3
1589
1
gih-bfij 9
1590
1
bie-bfja 10
1591
1
icj-bfjb 2
1592
1
bej-bfjc 10
1593
1
bajd-bfjd 3
1594
1
bfba-bfje 3
1595
1
cdg-bfjf 11
1596
1
bdej-bfjg 8
1597
1
bcga-bfjh 2
1598
1
bebd-bfji 2
1599
1
hhg-bfjj 1
1600
1
bcdd-bgaa 8
1601
1
fga-bgab 11
1602
1
babg-bgac 10
1603
1
bdba-bgad 3
1604
1
bajd-bgae 3
1605
1
beab-bgaf 3
1606
1
bed-bgag 8
1607
1
bdhi-bgah 3
1608
1
baji-bgai 10
1609
1
egb-bgaj 10
1610
1
ddd-bgba 11
1611
1
dib-bgbb 1
1612
1
bba-bgbc 2
1613
2
bfb-bgbd 2
bfje-bgbd 2
1614
1
bfhe-bgbe 10
1615
1
bbfa-bgbf 8
1616
1
dff-bgbg 9
1617
2
ece-bgbh 2
bgfh-bgbh 2
1618
1
bfjc-bgbi 1
1619
1
cbj-bgbj 4
1620
1
hjh-bgca 2
1621
1
icd-bgcb 11
1622
2
dga-bgcc 12
bdbe-bgcc 3
1623
0
1624
1
bacd-bgce 4
1625
1
cib-bgcf 11
1626
1
cba-bgcg 9
1627
1
cga-bgch 8
1628
2
hje-bgci 12
bda-bgci 12
1629
1
beeg-bgcj 11
1630
1
bcai-bgda 1
1631
1
jdd-bgdb 4
1632
1
gbb-bgdc 4
1633
3
bhf-bgdd 10
ede-bgdd 10
bffd-bgdd 1
1634
1
beic-bgde 8
1635
1
bbia-bgdf 12
1636
1
baf-bgdg 11
1637
1
hhh-bgdh 4
1638
2
jdi-bgdi 4
bach-bgdi 12
1639
1
jdb-bgdj 10
1640
1
bcia-bgea 4
1641
1
ega-bgeb 11
1642
2
bacg-bgec 1
djd-bgec 1
1643
1
behi-bged 3
1644
1
hjf-bgee 4
1645
1
fed-bgef 3
1646
1
baca-bgeg 3
1647
1
bece-bgeh 2
1648
1
bgca-bgei 1
1649
1
jej-bgej 9
1650
1
bddj-bgfa 12
1651
1
bhh-bgfb 8
1652
1
bfjg-bgfc 1
1653
2
gif-bgfd 8
ddb-bgfd 1
1654
1
bfcf-bgfe 4
1655
1
bcgh-bgff 9
1656
1
bce-bgfg 8
1657
1
bgbi-bgfh 1
1658
1
bie-bgfi 2
1659
1
eef-bgfj 10
1660
1
bdhi-bgga 8
1661
1
bdhg-bggb 4
